{"/home/travis/build/npmtest/node-npmtest-ng-annotate/test.js":{"path":"/home/travis/build/npmtest/node-npmtest-ng-annotate/test.js","s":{"1":2,"2":2,"3":2,"4":2,"5":2,"6":2,"7":2,"8":1,"9":2,"10":2,"11":1,"12":1,"13":1,"14":1,"15":2,"16":2,"17":2,"18":2,"19":1,"20":1,"21":2,"22":2,"23":2,"24":1,"25":1,"26":1,"27":1,"28":1,"29":1,"30":1,"31":1,"32":1,"33":1,"34":1,"35":1,"36":1,"37":1,"38":1,"39":2,"40":2,"41":1,"42":2,"43":2,"44":1,"45":2,"46":2,"47":1,"48":2,"49":2,"50":1,"51":1,"52":1,"53":1,"54":1},"b":{"1":[2,1,1,1],"2":[1,1,1,1],"3":[1,1],"4":[1,1],"5":[1,1],"6":[1,1],"7":[1,1],"8":[1,1],"9":[1,1],"10":[1,1,1],"11":[1,1],"12":[1,1],"13":[1,1],"14":[1,1],"15":[1,1],"16":[1,1],"17":[1,1]},"f":{"1":2,"2":2,"3":2,"4":2,"5":2,"6":1,"7":1,"8":1,"9":2,"10":2,"11":2,"12":2,"13":1},"fnMap":{"1":{"name":"(anonymous_1)","line":12,"loc":{"start":{"line":12,"column":1},"end":{"line":12,"column":13}}},"2":{"name":"(anonymous_2)","line":19,"loc":{"start":{"line":19,"column":5},"end":{"line":19,"column":17}}},"3":{"name":"(anonymous_3)","line":23,"loc":{"start":{"line":23,"column":24},"end":{"line":23,"column":36}}},"4":{"name":"(anonymous_4)","line":61,"loc":{"start":{"line":61,"column":5},"end":{"line":61,"column":17}}},"5":{"name":"(anonymous_5)","line":82,"loc":{"start":{"line":82,"column":5},"end":{"line":82,"column":17}}},"6":{"name":"(anonymous_6)","line":91,"loc":{"start":{"line":91,"column":77},"end":{"line":94,"column":10}}},"7":{"name":"(anonymous_7)","line":112,"loc":{"start":{"line":112,"column":83},"end":{"line":115,"column":10}},"skip":true},"8":{"name":"(anonymous_8)","line":123,"loc":{"start":{"line":123,"column":77},"end":{"line":126,"column":10}},"skip":true},"9":{"name":"(anonymous_9)","line":139,"loc":{"start":{"line":139,"column":12},"end":{"line":139,"column":40}},"skip":true},"10":{"name":"(anonymous_10)","line":147,"loc":{"start":{"line":147,"column":77},"end":{"line":150,"column":10}},"skip":true},"11":{"name":"(anonymous_11)","line":158,"loc":{"start":{"line":158,"column":83},"end":{"line":161,"column":10}},"skip":true},"12":{"name":"(anonymous_12)","line":169,"loc":{"start":{"line":169,"column":79},"end":{"line":172,"column":10}},"skip":true},"13":{"name":"(anonymous_13)","line":180,"loc":{"start":{"line":180,"column":75},"end":{"line":183,"column":10}},"skip":true}},"statementMap":{"1":{"start":{"line":12,"column":0},"end":{"line":195,"column":5}},"2":{"start":{"line":14,"column":4},"end":{"line":14,"column":14}},"3":{"start":{"line":19,"column":4},"end":{"line":56,"column":9}},"4":{"start":{"line":21,"column":8},"end":{"line":21,"column":19}},"5":{"start":{"line":23,"column":8},"end":{"line":35,"column":13}},"6":{"start":{"line":24,"column":12},"end":{"line":34,"column":13}},"7":{"start":{"line":25,"column":16},"end":{"line":28,"column":30}},"8":{"start":{"line":30,"column":16},"end":{"line":33,"column":27}},"9":{"start":{"line":37,"column":8},"end":{"line":39,"column":21}},"10":{"start":{"line":40,"column":8},"end":{"line":53,"column":9}},"11":{"start":{"line":43,"column":12},"end":{"line":46,"column":14}},"12":{"start":{"line":47,"column":12},"end":{"line":47,"column":18}},"13":{"start":{"line":50,"column":12},"end":{"line":51,"column":46}},"14":{"start":{"line":52,"column":12},"end":{"line":52,"column":18}},"15":{"start":{"line":55,"column":8},"end":{"line":55,"column":35}},"16":{"start":{"line":61,"column":4},"end":{"line":63,"column":9}},"17":{"start":{"line":62,"column":8},"end":{"line":62,"column":15}},"18":{"start":{"line":64,"column":4},"end":{"line":77,"column":5}},"19":{"start":{"line":70,"column":8},"end":{"line":70,"column":14}},"20":{"start":{"line":76,"column":8},"end":{"line":76,"column":14}},"21":{"start":{"line":82,"column":4},"end":{"line":84,"column":9}},"22":{"start":{"line":83,"column":8},"end":{"line":83,"column":15}},"23":{"start":{"line":85,"column":4},"end":{"line":194,"column":5}},"24":{"start":{"line":91,"column":8},"end":{"line":99,"column":10}},"25":{"start":{"line":98,"column":12},"end":{"line":98,"column":35}},"26":{"start":{"line":102,"column":8},"end":{"line":104,"column":63}},"27":{"start":{"line":105,"column":8},"end":{"line":105,"column":14}},"28":{"start":{"line":112,"column":8},"end":{"line":121,"column":10},"skip":true},"29":{"start":{"line":119,"column":12},"end":{"line":119,"column":55},"skip":true},"30":{"start":{"line":120,"column":12},"end":{"line":120,"column":48},"skip":true},"31":{"start":{"line":123,"column":8},"end":{"line":136,"column":10},"skip":true},"32":{"start":{"line":130,"column":12},"end":{"line":130,"column":76},"skip":true},"33":{"start":{"line":131,"column":12},"end":{"line":131,"column":73},"skip":true},"34":{"start":{"line":132,"column":12},"end":{"line":132,"column":74},"skip":true},"35":{"start":{"line":133,"column":12},"end":{"line":133,"column":79},"skip":true},"36":{"start":{"line":134,"column":12},"end":{"line":134,"column":25},"skip":true},"37":{"start":{"line":135,"column":12},"end":{"line":135,"column":45},"skip":true},"38":{"start":{"line":138,"column":8},"end":{"line":145,"column":14},"skip":true},"39":{"start":{"line":143,"column":16},"end":{"line":143,"column":29},"skip":true},"40":{"start":{"line":144,"column":16},"end":{"line":144,"column":55},"skip":true},"41":{"start":{"line":147,"column":8},"end":{"line":156,"column":10},"skip":true},"42":{"start":{"line":154,"column":12},"end":{"line":154,"column":25},"skip":true},"43":{"start":{"line":155,"column":12},"end":{"line":155,"column":45},"skip":true},"44":{"start":{"line":158,"column":8},"end":{"line":167,"column":10},"skip":true},"45":{"start":{"line":165,"column":12},"end":{"line":165,"column":25},"skip":true},"46":{"start":{"line":166,"column":12},"end":{"line":166,"column":48},"skip":true},"47":{"start":{"line":169,"column":8},"end":{"line":178,"column":10},"skip":true},"48":{"start":{"line":176,"column":12},"end":{"line":176,"column":25},"skip":true},"49":{"start":{"line":177,"column":12},"end":{"line":177,"column":46},"skip":true},"50":{"start":{"line":180,"column":8},"end":{"line":189,"column":10},"skip":true},"51":{"start":{"line":187,"column":12},"end":{"line":187,"column":94},"skip":true},"52":{"start":{"line":188,"column":12},"end":{"line":188,"column":48},"skip":true},"53":{"start":{"line":192,"column":8},"end":{"line":192,"column":35},"skip":true},"54":{"start":{"line":193,"column":8},"end":{"line":193,"column":14},"skip":true}},"branchMap":{"1":{"line":25,"type":"binary-expr","locations":[{"start":{"line":25,"column":23},"end":{"line":25,"column":62}},{"start":{"line":26,"column":20},"end":{"line":26,"column":70}},{"start":{"line":27,"column":20},"end":{"line":27,"column":71}},{"start":{"line":28,"column":20},"end":{"line":28,"column":29}}]},"2":{"line":30,"type":"binary-expr","locations":[{"start":{"line":30,"column":23},"end":{"line":30,"column":37}},{"start":{"line":31,"column":20},"end":{"line":31,"column":61}},{"start":{"line":32,"column":20},"end":{"line":32,"column":70}},{"start":{"line":33,"column":20},"end":{"line":33,"column":26}}]},"3":{"line":37,"type":"cond-expr","locations":[{"start":{"line":38,"column":14},"end":{"line":38,"column":20}},{"start":{"line":39,"column":14},"end":{"line":39,"column":20}}]},"4":{"line":40,"type":"switch","locations":[{"start":{"line":42,"column":8},"end":{"line":47,"column":18}},{"start":{"line":49,"column":8},"end":{"line":52,"column":18}}]},"5":{"line":44,"type":"binary-expr","locations":[{"start":{"line":44,"column":16},"end":{"line":44,"column":44}},{"start":{"line":44,"column":48},"end":{"line":44,"column":66}}]},"6":{"line":50,"type":"binary-expr","locations":[{"start":{"line":50,"column":21},"end":{"line":50,"column":49}},{"start":{"line":50,"column":53},"end":{"line":50,"column":72}}]},"7":{"line":64,"type":"switch","locations":[{"start":{"line":69,"column":4},"end":{"line":70,"column":14}},{"start":{"line":75,"column":4},"end":{"line":76,"column":14}}]},"8":{"line":85,"type":"switch","locations":[{"start":{"line":90,"column":4},"end":{"line":105,"column":14}},{"start":{"line":111,"column":4},"end":{"line":193,"column":14},"skip":true}]},"9":{"line":91,"type":"binary-expr","locations":[{"start":{"line":91,"column":42},"end":{"line":91,"column":73}},{"start":{"line":91,"column":77},"end":{"line":99,"column":9}}]},"10":{"line":102,"type":"binary-expr","locations":[{"start":{"line":102,"column":18},"end":{"line":102,"column":32}},{"start":{"line":103,"column":12},"end":{"line":103,"column":53}},{"start":{"line":104,"column":12},"end":{"line":104,"column":61}}]},"11":{"line":112,"type":"binary-expr","locations":[{"start":{"line":112,"column":45},"end":{"line":112,"column":79},"skip":true},{"start":{"line":112,"column":83},"end":{"line":121,"column":9},"skip":true}]},"12":{"line":123,"type":"binary-expr","locations":[{"start":{"line":123,"column":42},"end":{"line":123,"column":73},"skip":true},{"start":{"line":123,"column":77},"end":{"line":136,"column":9},"skip":true}]},"13":{"line":138,"type":"binary-expr","locations":[{"start":{"line":138,"column":48},"end":{"line":138,"column":85},"skip":true},{"start":{"line":139,"column":12},"end":{"line":145,"column":13},"skip":true}]},"14":{"line":147,"type":"binary-expr","locations":[{"start":{"line":147,"column":42},"end":{"line":147,"column":73},"skip":true},{"start":{"line":147,"column":77},"end":{"line":156,"column":9},"skip":true}]},"15":{"line":158,"type":"binary-expr","locations":[{"start":{"line":158,"column":45},"end":{"line":158,"column":79},"skip":true},{"start":{"line":158,"column":83},"end":{"line":167,"column":9},"skip":true}]},"16":{"line":169,"type":"binary-expr","locations":[{"start":{"line":169,"column":43},"end":{"line":169,"column":75},"skip":true},{"start":{"line":169,"column":79},"end":{"line":178,"column":9},"skip":true}]},"17":{"line":180,"type":"binary-expr","locations":[{"start":{"line":180,"column":41},"end":{"line":180,"column":71},"skip":true},{"start":{"line":180,"column":75},"end":{"line":189,"column":9},"skip":true}]}},"code":["/* istanbul instrument in package npmtest_ng_annotate */","/*jslint","    bitwise: true,","    browser: true,","    maxerr: 8,","    maxlen: 96,","    node: true,","    nomen: true,","    regexp: true,","    stupid: true","*/","(function () {","    'use strict';","    var local;","","","","    // run shared js-env code - pre-init","    (function () {","        // init local","        local = {};","        // init modeJs","        local.modeJs = (function () {","            try {","                return typeof navigator.userAgent === 'string' &&","                    typeof document.querySelector('body') === 'object' &&","                    typeof XMLHttpRequest.prototype.open === 'function' &&","                    'browser';","            } catch (errorCaughtBrowser) {","                return module.exports &&","                    typeof process.versions.node === 'string' &&","                    typeof require('http').createServer === 'function' &&","                    'node';","            }","        }());","        // init global","        local.global = local.modeJs === 'browser'","            ? window","            : global;","        switch (local.modeJs) {","        // re-init local from window.local","        case 'browser':","            local = local.global.utility2.objectSetDefault(","                local.global.utility2_rollup || local.global.local,","                local.global.utility2","            );","            break;","        // re-init local from example.js","        case 'node':","            local = (local.global.utility2_rollup || require('utility2'))","                .requireExampleJsFromReadme();","            break;","        }","        // export local","        local.global.local = local;","    }());","","","","    // run shared js-env code - function","    (function () {","        return;","    }());","    switch (local.modeJs) {","","","","    // run browser js-env code - function","    case 'browser':","        break;","","","","    // run node js-env code - function","    case 'node':","        break;","    }","","","","    // run shared js-env code - post-init","    (function () {","        return;","    }());","    switch (local.modeJs) {","","","","    // run browser js-env code - post-init","    case 'browser':","        local.testCase_browser_nullCase = local.testCase_browser_nullCase || function (","            options,","            onError","        ) {","        /*","         * this function will test browsers's null-case handling-behavior-behavior","         */","            onError(null, options);","        };","","        // run tests","        local.nop(local.modeTest &&","            document.querySelector('#testRunButton1') &&","            document.querySelector('#testRunButton1').click());","        break;","","","","    // run node js-env code - post-init","    /* istanbul ignore next */","    case 'node':","        local.testCase_buildApidoc_default = local.testCase_buildApidoc_default || function (","            options,","            onError","        ) {","        /*","         * this function will test buildApidoc's default handling-behavior-behavior","         */","            options = { modulePathList: module.paths };","            local.buildApidoc(options, onError);","        };","","        local.testCase_buildApp_default = local.testCase_buildApp_default || function (","            options,","            onError","        ) {","        /*","         * this function will test buildApp's default handling-behavior-behavior","         */","            local.testCase_buildReadme_default(options, local.onErrorThrow);","            local.testCase_buildLib_default(options, local.onErrorThrow);","            local.testCase_buildTest_default(options, local.onErrorThrow);","            local.testCase_buildCustomOrg_default(options, local.onErrorThrow);","            options = [];","            local.buildApp(options, onError);","        };","","        local.testCase_buildCustomOrg_default = local.testCase_buildCustomOrg_default ||","            function (options, onError) {","            /*","             * this function will test buildCustomOrg's default handling-behavior","             */","                options = {};","                local.buildCustomOrg(options, onError);","            };","","        local.testCase_buildLib_default = local.testCase_buildLib_default || function (","            options,","            onError","        ) {","        /*","         * this function will test buildLib's default handling-behavior","         */","            options = {};","            local.buildLib(options, onError);","        };","","        local.testCase_buildReadme_default = local.testCase_buildReadme_default || function (","            options,","            onError","        ) {","        /*","         * this function will test buildReadme's default handling-behavior-behavior","         */","            options = {};","            local.buildReadme(options, onError);","        };","","        local.testCase_buildTest_default = local.testCase_buildTest_default || function (","            options,","            onError","        ) {","        /*","         * this function will test buildTest's default handling-behavior","         */","            options = {};","            local.buildTest(options, onError);","        };","","        local.testCase_webpage_default = local.testCase_webpage_default || function (","            options,","            onError","        ) {","        /*","         * this function will test webpage's default handling-behavior","         */","            options = { modeCoverageMerge: true, url: local.serverLocalHost + '?modeTest=1' };","            local.browserTest(options, onError);","        };","","        // run test-server","        local.testRunServer(local);","        break;","    }","}());",""],"l":{"12":2,"14":2,"19":2,"21":2,"23":2,"24":2,"25":2,"30":1,"37":2,"40":2,"43":1,"47":1,"50":1,"52":1,"55":2,"61":2,"62":2,"64":2,"70":1,"76":1,"82":2,"83":2,"85":2,"91":1,"98":1,"102":1,"105":1,"112":1,"119":1,"120":1,"123":1,"130":1,"131":1,"132":1,"133":1,"134":1,"135":1,"138":1,"143":2,"144":2,"147":1,"154":2,"155":2,"158":1,"165":2,"166":2,"169":1,"176":2,"177":2,"180":1,"187":1,"188":1,"192":1,"193":1}},"/home/travis/build/npmtest/node-npmtest-ng-annotate/lib.npmtest_ng_annotate.js":{"path":"/home/travis/build/npmtest/node-npmtest-ng-annotate/lib.npmtest_ng_annotate.js","s":{"1":2,"2":2,"3":2,"4":2,"5":2,"6":2,"7":2,"8":1,"9":2,"10":2,"11":2,"12":2,"13":1,"14":1,"15":1,"16":1},"b":{"1":[2,1,1,1],"2":[1,1,1,1],"3":[1,1],"4":[2,2],"5":[1,1]},"f":{"1":2,"2":2,"3":2},"fnMap":{"1":{"name":"(anonymous_1)","line":12,"loc":{"start":{"line":12,"column":1},"end":{"line":12,"column":13}}},"2":{"name":"(anonymous_2)","line":19,"loc":{"start":{"line":19,"column":5},"end":{"line":19,"column":17}}},"3":{"name":"(anonymous_3)","line":23,"loc":{"start":{"line":23,"column":24},"end":{"line":23,"column":36}}}},"statementMap":{"1":{"start":{"line":12,"column":0},"end":{"line":53,"column":5}},"2":{"start":{"line":14,"column":4},"end":{"line":14,"column":14}},"3":{"start":{"line":19,"column":4},"end":{"line":52,"column":9}},"4":{"start":{"line":21,"column":8},"end":{"line":21,"column":19}},"5":{"start":{"line":23,"column":8},"end":{"line":35,"column":13}},"6":{"start":{"line":24,"column":12},"end":{"line":34,"column":13}},"7":{"start":{"line":25,"column":16},"end":{"line":28,"column":30}},"8":{"start":{"line":30,"column":16},"end":{"line":33,"column":27}},"9":{"start":{"line":37,"column":8},"end":{"line":39,"column":21}},"10":{"start":{"line":41,"column":8},"end":{"line":41,"column":54}},"11":{"start":{"line":43,"column":8},"end":{"line":43,"column":56}},"12":{"start":{"line":45,"column":8},"end":{"line":51,"column":9}},"13":{"start":{"line":46,"column":12},"end":{"line":46,"column":62}},"14":{"start":{"line":48,"column":12},"end":{"line":48,"column":35}},"15":{"start":{"line":49,"column":12},"end":{"line":49,"column":49}},"16":{"start":{"line":50,"column":12},"end":{"line":50,"column":43}}},"branchMap":{"1":{"line":25,"type":"binary-expr","locations":[{"start":{"line":25,"column":23},"end":{"line":25,"column":62}},{"start":{"line":26,"column":20},"end":{"line":26,"column":70}},{"start":{"line":27,"column":20},"end":{"line":27,"column":71}},{"start":{"line":28,"column":20},"end":{"line":28,"column":29}}]},"2":{"line":30,"type":"binary-expr","locations":[{"start":{"line":30,"column":23},"end":{"line":30,"column":37}},{"start":{"line":31,"column":20},"end":{"line":31,"column":61}},{"start":{"line":32,"column":20},"end":{"line":32,"column":70}},{"start":{"line":33,"column":20},"end":{"line":33,"column":26}}]},"3":{"line":37,"type":"cond-expr","locations":[{"start":{"line":38,"column":14},"end":{"line":38,"column":20}},{"start":{"line":39,"column":14},"end":{"line":39,"column":20}}]},"4":{"line":41,"type":"binary-expr","locations":[{"start":{"line":41,"column":16},"end":{"line":41,"column":44}},{"start":{"line":41,"column":48},"end":{"line":41,"column":53}}]},"5":{"line":45,"type":"if","locations":[{"start":{"line":45,"column":8},"end":{"line":45,"column":8}},{"start":{"line":45,"column":8},"end":{"line":45,"column":8}}]}},"code":["/* istanbul instrument in package npmtest_ng_annotate */","/*jslint","    bitwise: true,","    browser: true,","    maxerr: 8,","    maxlen: 96,","    node: true,","    nomen: true,","    regexp: true,","    stupid: true","*/","(function () {","    'use strict';","    var local;","","","","    // run shared js-env code - pre-init","    (function () {","        // init local","        local = {};","        // init modeJs","        local.modeJs = (function () {","            try {","                return typeof navigator.userAgent === 'string' &&","                    typeof document.querySelector('body') === 'object' &&","                    typeof XMLHttpRequest.prototype.open === 'function' &&","                    'browser';","            } catch (errorCaughtBrowser) {","                return module.exports &&","                    typeof process.versions.node === 'string' &&","                    typeof require('http').createServer === 'function' &&","                    'node';","            }","        }());","        // init global","        local.global = local.modeJs === 'browser'","            ? window","            : global;","        // init utility2_rollup","        local = local.global.utility2_rollup || local;","        // init lib","        local.local = local.npmtest_ng_annotate = local;","        // init exports","        if (local.modeJs === 'browser') {","            local.global.utility2_npmtest_ng_annotate = local;","        } else {","            module.exports = local;","            module.exports.__dirname = __dirname;","            module.exports.module = module;","        }","    }());","}());",""],"l":{"12":2,"14":2,"19":2,"21":2,"23":2,"24":2,"25":2,"30":1,"37":2,"41":2,"43":2,"45":2,"46":1,"48":1,"49":1,"50":1}},"/home/travis/build/npmtest/node-npmtest-ng-annotate/example.js":{"path":"/home/travis/build/npmtest/node-npmtest-ng-annotate/example.js","s":{"1":2,"2":2,"3":2,"4":2,"5":2,"6":2,"7":2,"8":1,"9":2,"10":2,"11":2,"12":2,"13":1,"14":2,"15":2,"16":2,"17":2,"18":2,"19":0,"20":2,"21":1,"22":1,"23":1,"24":1,"25":1,"26":0,"27":0,"28":1,"29":1,"30":2,"31":0,"32":0,"33":0,"34":1,"35":2,"36":2,"37":3,"38":3,"39":3,"40":3,"41":0,"42":3,"43":3,"44":3,"45":1,"46":3,"47":1,"48":1,"49":1,"50":1,"51":1,"52":1,"53":1,"54":1,"55":1,"56":1,"57":0,"58":1,"59":6,"60":6,"61":1,"62":2,"63":0,"64":2,"65":1,"66":1,"67":0,"68":0,"69":0,"70":0,"71":0,"72":0,"73":0,"74":0,"75":0,"76":0,"77":0,"78":0,"79":0,"80":0,"81":0,"82":0,"83":0},"b":{"1":[2,1,1,1],"2":[1,1,1,1],"3":[1,1],"4":[2,2],"5":[1,1],"6":[1,1],"7":[2,0],"8":[2,1,1,1,1,1],"9":[0,2,0],"10":[1,1],"11":[2,1,1],"12":[1,0],"13":[0,2],"14":[2,0,0,0,0,0,0],"15":[0,3],"16":[3,0],"17":[1,1],"18":[0,1],"19":[1,2,0,2],"20":[1,0],"21":[1,1],"22":[0,0],"23":[0,0],"24":[0,0],"25":[0,0],"26":[0,0],"27":[0,0],"28":[0,0]},"f":{"1":2,"2":2,"3":2,"4":2,"5":2,"6":2,"7":3,"8":3,"9":3,"10":1,"11":6,"12":0},"fnMap":{"1":{"name":"(anonymous_1)","line":26,"loc":{"start":{"line":26,"column":1},"end":{"line":26,"column":13}}},"2":{"name":"(anonymous_2)","line":33,"loc":{"start":{"line":33,"column":5},"end":{"line":33,"column":17}}},"3":{"name":"(anonymous_3)","line":37,"loc":{"start":{"line":37,"column":24},"end":{"line":37,"column":36}}},"4":{"name":"(anonymous_4)","line":69,"loc":{"start":{"line":69,"column":31},"end":{"line":69,"column":48}},"skip":true},"5":{"name":"(anonymous_5)","line":78,"loc":{"start":{"line":78,"column":26},"end":{"line":78,"column":45}},"skip":true},"6":{"name":"(anonymous_6)","line":123,"loc":{"start":{"line":123,"column":33},"end":{"line":123,"column":48}},"skip":true},"7":{"name":"(anonymous_7)","line":125,"loc":{"start":{"line":125,"column":27},"end":{"line":125,"column":39}},"skip":true},"8":{"name":"(anonymous_8)","line":133,"loc":{"start":{"line":133,"column":59},"end":{"line":133,"column":74}},"skip":true},"9":{"name":"(anonymous_9)","line":143,"loc":{"start":{"line":143,"column":45},"end":{"line":143,"column":62}},"skip":true},"10":{"name":"(anonymous_10)","line":144,"loc":{"start":{"line":144,"column":73},"end":{"line":144,"column":92}},"skip":true},"11":{"name":"(anonymous_11)","line":272,"loc":{"start":{"line":272,"column":51},"end":{"line":272,"column":77}},"skip":true},"12":{"name":"(anonymous_12)","line":315,"loc":{"start":{"line":315,"column":32},"end":{"line":315,"column":61}},"skip":true}},"statementMap":{"1":{"start":{"line":26,"column":0},"end":{"line":326,"column":5}},"2":{"start":{"line":28,"column":4},"end":{"line":28,"column":14}},"3":{"start":{"line":33,"column":4},"end":{"line":60,"column":9}},"4":{"start":{"line":35,"column":8},"end":{"line":35,"column":19}},"5":{"start":{"line":37,"column":8},"end":{"line":49,"column":13}},"6":{"start":{"line":38,"column":12},"end":{"line":48,"column":13}},"7":{"start":{"line":39,"column":16},"end":{"line":42,"column":30}},"8":{"start":{"line":44,"column":16},"end":{"line":47,"column":27}},"9":{"start":{"line":51,"column":8},"end":{"line":53,"column":21}},"10":{"start":{"line":55,"column":8},"end":{"line":57,"column":45}},"11":{"start":{"line":59,"column":8},"end":{"line":59,"column":35}},"12":{"start":{"line":61,"column":4},"end":{"line":325,"column":5}},"13":{"start":{"line":69,"column":8},"end":{"line":121,"column":10},"skip":true},"14":{"start":{"line":70,"column":12},"end":{"line":88,"column":13},"skip":true},"15":{"start":{"line":76,"column":16},"end":{"line":87,"column":19},"skip":true},"16":{"start":{"line":79,"column":20},"end":{"line":86,"column":21},"skip":true},"17":{"start":{"line":82,"column":24},"end":{"line":82,"column":43},"skip":true},"18":{"start":{"line":83,"column":24},"end":{"line":83,"column":30},"skip":true},"19":{"start":{"line":85,"column":24},"end":{"line":85,"column":49},"skip":true},"20":{"start":{"line":89,"column":12},"end":{"line":107,"column":13},"skip":true},"21":{"start":{"line":92,"column":16},"end":{"line":102,"column":17},"skip":true},"22":{"start":{"line":93,"column":20},"end":{"line":93,"column":86},"skip":true},"23":{"start":{"line":94,"column":20},"end":{"line":95,"column":45},"skip":true},"24":{"start":{"line":96,"column":20},"end":{"line":96,"column":42},"skip":true},"25":{"start":{"line":97,"column":20},"end":{"line":97,"column":48},"skip":true},"26":{"start":{"line":100,"column":20},"end":{"line":100,"column":85},"skip":true},"27":{"start":{"line":101,"column":20},"end":{"line":101,"column":96},"skip":true},"28":{"start":{"line":103,"column":16},"end":{"line":103,"column":22},"skip":true},"29":{"start":{"line":106,"column":16},"end":{"line":106,"column":22},"skip":true},"30":{"start":{"line":108,"column":12},"end":{"line":120,"column":13},"skip":true},"31":{"start":{"line":114,"column":16},"end":{"line":119,"column":17},"skip":true},"32":{"start":{"line":116,"column":20},"end":{"line":116,"column":78},"skip":true},"33":{"start":{"line":118,"column":20},"end":{"line":118,"column":47},"skip":true},"34":{"start":{"line":123,"column":8},"end":{"line":141,"column":11},"skip":true},"35":{"start":{"line":124,"column":12},"end":{"line":124,"column":54},"skip":true},"36":{"start":{"line":125,"column":12},"end":{"line":140,"column":14},"skip":true},"37":{"start":{"line":126,"column":16},"end":{"line":126,"column":28},"skip":true},"38":{"start":{"line":127,"column":16},"end":{"line":127,"column":69},"skip":true},"39":{"start":{"line":128,"column":16},"end":{"line":128,"column":75},"skip":true},"40":{"start":{"line":129,"column":16},"end":{"line":131,"column":17},"skip":true},"41":{"start":{"line":130,"column":20},"end":{"line":130,"column":27},"skip":true},"42":{"start":{"line":133,"column":16},"end":{"line":137,"column":36},"skip":true},"43":{"start":{"line":134,"column":20},"end":{"line":136,"column":55},"skip":true},"44":{"start":{"line":139,"column":16},"end":{"line":139,"column":57},"skip":true},"45":{"start":{"line":143,"column":8},"end":{"line":147,"column":11},"skip":true},"46":{"start":{"line":144,"column":12},"end":{"line":146,"column":15},"skip":true},"47":{"start":{"line":145,"column":16},"end":{"line":145,"column":70},"skip":true},"48":{"start":{"line":149,"column":8},"end":{"line":149,"column":31},"skip":true},"49":{"start":{"line":150,"column":8},"end":{"line":150,"column":14},"skip":true},"50":{"start":{"line":158,"column":8},"end":{"line":158,"column":31},"skip":true},"51":{"start":{"line":160,"column":8},"end":{"line":160,"column":33},"skip":true},"52":{"start":{"line":161,"column":8},"end":{"line":161,"column":37},"skip":true},"53":{"start":{"line":162,"column":8},"end":{"line":162,"column":35},"skip":true},"54":{"start":{"line":164,"column":8},"end":{"line":164,"column":50},"skip":true},"55":{"start":{"line":166,"column":8},"end":{"line":256,"column":2},"skip":true},"56":{"start":{"line":258,"column":8},"end":{"line":286,"column":9},"skip":true},"57":{"start":{"line":259,"column":12},"end":{"line":269,"column":14},"skip":true},"58":{"start":{"line":271,"column":12},"end":{"line":285,"column":19},"skip":true},"59":{"start":{"line":274,"column":20},"end":{"line":274,"column":35},"skip":true},"60":{"start":{"line":275,"column":20},"end":{"line":284,"column":21},"skip":true},"61":{"start":{"line":277,"column":24},"end":{"line":277,"column":64},"skip":true},"62":{"start":{"line":279,"column":24},"end":{"line":279,"column":40},"skip":true},"63":{"start":{"line":281,"column":24},"end":{"line":281,"column":40},"skip":true},"64":{"start":{"line":283,"column":24},"end":{"line":283,"column":39},"skip":true},"65":{"start":{"line":288,"column":8},"end":{"line":290,"column":9},"skip":true},"66":{"start":{"line":289,"column":12},"end":{"line":289,"column":18},"skip":true},"67":{"start":{"line":291,"column":8},"end":{"line":293,"column":54},"skip":true},"68":{"start":{"line":296,"column":8},"end":{"line":301,"column":37},"skip":true},"69":{"start":{"line":303,"column":8},"end":{"line":303,"column":82},"skip":true},"70":{"start":{"line":306,"column":8},"end":{"line":308,"column":9},"skip":true},"71":{"start":{"line":307,"column":12},"end":{"line":307,"column":82},"skip":true},"72":{"start":{"line":310,"column":8},"end":{"line":312,"column":9},"skip":true},"73":{"start":{"line":311,"column":12},"end":{"line":311,"column":18},"skip":true},"74":{"start":{"line":313,"column":8},"end":{"line":313,"column":54},"skip":true},"75":{"start":{"line":314,"column":8},"end":{"line":314,"column":69},"skip":true},"76":{"start":{"line":315,"column":8},"end":{"line":323,"column":36},"skip":true},"77":{"start":{"line":316,"column":12},"end":{"line":316,"column":61},"skip":true},"78":{"start":{"line":317,"column":12},"end":{"line":320,"column":13},"skip":true},"79":{"start":{"line":318,"column":16},"end":{"line":318,"column":75},"skip":true},"80":{"start":{"line":319,"column":16},"end":{"line":319,"column":23},"skip":true},"81":{"start":{"line":321,"column":12},"end":{"line":321,"column":38},"skip":true},"82":{"start":{"line":322,"column":12},"end":{"line":322,"column":27},"skip":true},"83":{"start":{"line":324,"column":8},"end":{"line":324,"column":14},"skip":true}},"branchMap":{"1":{"line":39,"type":"binary-expr","locations":[{"start":{"line":39,"column":23},"end":{"line":39,"column":62}},{"start":{"line":40,"column":20},"end":{"line":40,"column":70}},{"start":{"line":41,"column":20},"end":{"line":41,"column":71}},{"start":{"line":42,"column":20},"end":{"line":42,"column":29}}]},"2":{"line":44,"type":"binary-expr","locations":[{"start":{"line":44,"column":23},"end":{"line":44,"column":37}},{"start":{"line":45,"column":20},"end":{"line":45,"column":61}},{"start":{"line":46,"column":20},"end":{"line":46,"column":70}},{"start":{"line":47,"column":20},"end":{"line":47,"column":26}}]},"3":{"line":51,"type":"cond-expr","locations":[{"start":{"line":52,"column":14},"end":{"line":52,"column":20}},{"start":{"line":53,"column":14},"end":{"line":53,"column":20}}]},"4":{"line":55,"type":"binary-expr","locations":[{"start":{"line":55,"column":16},"end":{"line":55,"column":44}},{"start":{"line":55,"column":49},"end":{"line":57,"column":43}}]},"5":{"line":55,"type":"cond-expr","locations":[{"start":{"line":56,"column":14},"end":{"line":56,"column":55}},{"start":{"line":57,"column":14},"end":{"line":57,"column":43}}]},"6":{"line":61,"type":"switch","locations":[{"start":{"line":68,"column":4},"end":{"line":150,"column":14},"skip":true},{"start":{"line":156,"column":4},"end":{"line":324,"column":14},"skip":true}]},"7":{"line":70,"type":"if","locations":[{"start":{"line":70,"column":12},"end":{"line":70,"column":12},"skip":true},{"start":{"line":70,"column":12},"end":{"line":70,"column":12},"skip":true}]},"8":{"line":70,"type":"binary-expr","locations":[{"start":{"line":70,"column":16},"end":{"line":70,"column":22},"skip":true},{"start":{"line":70,"column":27},"end":{"line":70,"column":32},"skip":true},{"start":{"line":71,"column":20},"end":{"line":71,"column":39},"skip":true},{"start":{"line":72,"column":20},"end":{"line":72,"column":49},"skip":true},{"start":{"line":73,"column":20},"end":{"line":73,"column":58},"skip":true},{"start":{"line":74,"column":20},"end":{"line":74,"column":69},"skip":true}]},"9":{"line":79,"type":"switch","locations":[{"start":{"line":80,"column":20},"end":{"line":80,"column":33},"skip":true},{"start":{"line":81,"column":20},"end":{"line":83,"column":30},"skip":true},{"start":{"line":84,"column":20},"end":{"line":85,"column":49},"skip":true}]},"10":{"line":89,"type":"switch","locations":[{"start":{"line":90,"column":12},"end":{"line":103,"column":22},"skip":true},{"start":{"line":105,"column":12},"end":{"line":106,"column":22},"skip":true}]},"11":{"line":89,"type":"binary-expr","locations":[{"start":{"line":89,"column":20},"end":{"line":89,"column":25},"skip":true},{"start":{"line":89,"column":29},"end":{"line":89,"column":48},"skip":true},{"start":{"line":89,"column":52},"end":{"line":89,"column":74},"skip":true}]},"12":{"line":92,"type":"if","locations":[{"start":{"line":92,"column":16},"end":{"line":92,"column":16},"skip":true},{"start":{"line":92,"column":16},"end":{"line":92,"column":16},"skip":true}]},"13":{"line":108,"type":"if","locations":[{"start":{"line":108,"column":12},"end":{"line":108,"column":12},"skip":true},{"start":{"line":108,"column":12},"end":{"line":108,"column":12},"skip":true}]},"14":{"line":108,"type":"binary-expr","locations":[{"start":{"line":108,"column":16},"end":{"line":108,"column":61},"skip":true},{"start":{"line":108,"column":66},"end":{"line":108,"column":72},"skip":true},{"start":{"line":108,"column":77},"end":{"line":108,"column":82},"skip":true},{"start":{"line":109,"column":20},"end":{"line":109,"column":39},"skip":true},{"start":{"line":110,"column":20},"end":{"line":110,"column":49},"skip":true},{"start":{"line":111,"column":20},"end":{"line":111,"column":58},"skip":true},{"start":{"line":112,"column":20},"end":{"line":112,"column":68},"skip":true}]},"15":{"line":129,"type":"if","locations":[{"start":{"line":129,"column":16},"end":{"line":129,"column":16},"skip":true},{"start":{"line":129,"column":16},"end":{"line":129,"column":16},"skip":true}]},"16":{"line":134,"type":"cond-expr","locations":[{"start":{"line":135,"column":26},"end":{"line":135,"column":29},"skip":true},{"start":{"line":136,"column":26},"end":{"line":136,"column":54},"skip":true}]},"17":{"line":164,"type":"binary-expr","locations":[{"start":{"line":164,"column":27},"end":{"line":164,"column":43},"skip":true},{"start":{"line":164,"column":47},"end":{"line":164,"column":49},"skip":true}]},"18":{"line":258,"type":"if","locations":[{"start":{"line":258,"column":8},"end":{"line":258,"column":8},"skip":true},{"start":{"line":258,"column":8},"end":{"line":258,"column":8},"skip":true}]},"19":{"line":275,"type":"switch","locations":[{"start":{"line":276,"column":20},"end":{"line":277,"column":64},"skip":true},{"start":{"line":278,"column":20},"end":{"line":279,"column":40},"skip":true},{"start":{"line":280,"column":20},"end":{"line":281,"column":40},"skip":true},{"start":{"line":282,"column":20},"end":{"line":283,"column":39},"skip":true}]},"20":{"line":288,"type":"if","locations":[{"start":{"line":288,"column":8},"end":{"line":288,"column":8},"skip":true},{"start":{"line":288,"column":8},"end":{"line":288,"column":8},"skip":true}]},"21":{"line":288,"type":"binary-expr","locations":[{"start":{"line":288,"column":12},"end":{"line":288,"column":40},"skip":true},{"start":{"line":288,"column":44},"end":{"line":288,"column":67},"skip":true}]},"22":{"line":292,"type":"binary-expr","locations":[{"start":{"line":292,"column":12},"end":{"line":292,"column":50},"skip":true},{"start":{"line":293,"column":12},"end":{"line":293,"column":53},"skip":true}]},"23":{"line":297,"type":"binary-expr","locations":[{"start":{"line":297,"column":12},"end":{"line":297,"column":69},"skip":true},{"start":{"line":298,"column":12},"end":{"line":301,"column":36},"skip":true}]},"24":{"line":303,"type":"binary-expr","locations":[{"start":{"line":303,"column":43},"end":{"line":303,"column":75},"skip":true},{"start":{"line":303,"column":79},"end":{"line":303,"column":81},"skip":true}]},"25":{"line":306,"type":"if","locations":[{"start":{"line":306,"column":8},"end":{"line":306,"column":8},"skip":true},{"start":{"line":306,"column":8},"end":{"line":306,"column":8},"skip":true}]},"26":{"line":310,"type":"if","locations":[{"start":{"line":310,"column":8},"end":{"line":310,"column":8},"skip":true},{"start":{"line":310,"column":8},"end":{"line":310,"column":8},"skip":true}]},"27":{"line":313,"type":"binary-expr","locations":[{"start":{"line":313,"column":27},"end":{"line":313,"column":43},"skip":true},{"start":{"line":313,"column":47},"end":{"line":313,"column":53},"skip":true}]},"28":{"line":317,"type":"if","locations":[{"start":{"line":317,"column":12},"end":{"line":317,"column":12},"skip":true},{"start":{"line":317,"column":12},"end":{"line":317,"column":12},"skip":true}]}},"code":["/*","example.js","","quickstart example","","instruction","    1. save this script as example.js","    2. run the shell command:","        $ npm install npmtest-ng-annotate && PORT=8081 node example.js","    3. play with the browser-demo on http://127.0.0.1:8081","*/","","","","/* istanbul instrument in package npmtest_ng_annotate */","/*jslint","    bitwise: true,","    browser: true,","    maxerr: 8,","    maxlen: 96,","    node: true,","    nomen: true,","    regexp: true,","    stupid: true","*/","(function () {","    'use strict';","    var local;","","","","    // run shared js-env code - pre-init","    (function () {","        // init local","        local = {};","        // init modeJs","        local.modeJs = (function () {","            try {","                return typeof navigator.userAgent === 'string' &&","                    typeof document.querySelector('body') === 'object' &&","                    typeof XMLHttpRequest.prototype.open === 'function' &&","                    'browser';","            } catch (errorCaughtBrowser) {","                return module.exports &&","                    typeof process.versions.node === 'string' &&","                    typeof require('http').createServer === 'function' &&","                    'node';","            }","        }());","        // init global","        local.global = local.modeJs === 'browser'","            ? window","            : global;","        // init utility2_rollup","        local = local.global.utility2_rollup || (local.modeJs === 'browser'","            ? local.global.utility2_npmtest_ng_annotate","            : global.utility2_moduleExports);","        // export local","        local.global.local = local;","    }());","    switch (local.modeJs) {","","","","    // post-init","    // run browser js-env code - post-init","    /* istanbul ignore next */","    case 'browser':","        local.testRunBrowser = function (event) {","            if (!event || (event &&","                    event.currentTarget &&","                    event.currentTarget.className &&","                    event.currentTarget.className.includes &&","                    event.currentTarget.className.includes('onreset'))) {","                // reset output","                Array.from(","                    document.querySelectorAll('body > .resettable')","                ).forEach(function (element) {","                    switch (element.tagName) {","                    case 'INPUT':","                    case 'TEXTAREA':","                        element.value = '';","                        break;","                    default:","                        element.textContent = '';","                    }","                });","            }","            switch (event && event.currentTarget && event.currentTarget.id) {","            case 'testRunButton1':","                // show tests","                if (document.querySelector('#testReportDiv1').style.display === 'none') {","                    document.querySelector('#testReportDiv1').style.display = 'block';","                    document.querySelector('#testRunButton1').textContent =","                        'hide internal test';","                    local.modeTest = true;","                    local.testRunDefault(local);","                // hide tests","                } else {","                    document.querySelector('#testReportDiv1').style.display = 'none';","                    document.querySelector('#testRunButton1').textContent = 'run internal test';","                }","                break;","            // custom-case","            default:","                break;","            }","            if (document.querySelector('#inputTextareaEval1') && (!event || (event &&","                    event.currentTarget &&","                    event.currentTarget.className &&","                    event.currentTarget.className.includes &&","                    event.currentTarget.className.includes('oneval')))) {","                // try to eval input-code","                try {","                    /*jslint evil: true*/","                    eval(document.querySelector('#inputTextareaEval1').value);","                } catch (errorCaught) {","                    console.error(errorCaught);","                }","            }","        };","        // log stderr and stdout to #outputTextareaStdout1","        ['error', 'log'].forEach(function (key) {","            console[key + '_original'] = console[key];","            console[key] = function () {","                var element;","                console[key + '_original'].apply(console, arguments);","                element = document.querySelector('#outputTextareaStdout1');","                if (!element) {","                    return;","                }","                // append text to #outputTextareaStdout1","                element.value += Array.from(arguments).map(function (arg) {","                    return typeof arg === 'string'","                        ? arg","                        : JSON.stringify(arg, null, 4);","                }).join(' ') + '\\n';","                // scroll textarea to bottom","                element.scrollTop = element.scrollHeight;","            };","        });","        // init event-handling","        ['change', 'click', 'keyup'].forEach(function (event) {","            Array.from(document.querySelectorAll('.on' + event)).forEach(function (element) {","                element.addEventListener(event, local.testRunBrowser);","            });","        });","        // run tests","        local.testRunBrowser();","        break;","","","","    // run node js-env code - post-init","    /* istanbul ignore next */","    case 'node':","        // export local","        module.exports = local;","        // require modules","        local.fs = require('fs');","        local.http = require('http');","        local.url = require('url');","        // init assets","        local.assetsDict = local.assetsDict || {};","        /* jslint-ignore-begin */","        local.assetsDict['/assets.index.template.html'] = '\\","<!doctype html>\\n\\","<html lang=\"en\">\\n\\","<head>\\n\\","<meta charset=\"UTF-8\">\\n\\","<meta name=\"viewport\" content=\"width=device-width, initial-scale=1\">\\n\\","<title>{{env.npm_package_name}} (v{{env.npm_package_version}})</title>\\n\\","<style>\\n\\","/*csslint\\n\\","    box-sizing: false,\\n\\","    universal-selector: false\\n\\","*/\\n\\","* {\\n\\","    box-sizing: border-box;\\n\\","}\\n\\","body {\\n\\","    background: #dde;\\n\\","    font-family: Arial, Helvetica, sans-serif;\\n\\","    margin: 2rem;\\n\\","}\\n\\","body > * {\\n\\","    margin-bottom: 1rem;\\n\\","}\\n\\",".utility2FooterDiv {\\n\\","    margin-top: 20px;\\n\\","    text-align: center;\\n\\","}\\n\\","</style>\\n\\","<style>\\n\\","/*csslint\\n\\","*/\\n\\","textarea {\\n\\","    font-family: monospace;\\n\\","    height: 10rem;\\n\\","    width: 100%;\\n\\","}\\n\\","textarea[readonly] {\\n\\","    background: #ddd;\\n\\","}\\n\\","</style>\\n\\","</head>\\n\\","<body>\\n\\","<!-- utility2-comment\\n\\","<div id=\"ajaxProgressDiv1\" style=\"background: #d00; height: 2px; left: 0; margin: 0; padding: 0; position: fixed; top: 0; transition: background 0.5s, width 1.5s; width: 25%;\"></div>\\n\\","utility2-comment -->\\n\\","<h1>\\n\\","<!-- utility2-comment\\n\\","    <a\\n\\","        {{#if env.npm_package_homepage}}\\n\\","        href=\"{{env.npm_package_homepage}}\"\\n\\","        {{/if env.npm_package_homepage}}\\n\\","        target=\"_blank\"\\n\\","    >\\n\\","utility2-comment -->\\n\\","        {{env.npm_package_name}} (v{{env.npm_package_version}})\\n\\","<!-- utility2-comment\\n\\","    </a>\\n\\","utility2-comment -->\\n\\","</h1>\\n\\","<h3>{{env.npm_package_description}}</h3>\\n\\","<!-- utility2-comment\\n\\","<h4><a download href=\"assets.app.js\">download standalone app</a></h4>\\n\\","<button class=\"onclick onreset\" id=\"testRunButton1\">run internal test</button><br>\\n\\","<div id=\"testReportDiv1\" style=\"display: none;\"></div>\\n\\","utility2-comment -->\\n\\","\\n\\","\\n\\","\\n\\","<label>stderr and stdout</label>\\n\\","<textarea class=\"resettable\" id=\"outputTextareaStdout1\" readonly></textarea>\\n\\","<!-- utility2-comment\\n\\","{{#if isRollup}}\\n\\","<script src=\"assets.app.js\"></script>\\n\\","{{#unless isRollup}}\\n\\","utility2-comment -->\\n\\","<script src=\"assets.utility2.rollup.js\"></script>\\n\\","<script src=\"jsonp.utility2._stateInit?callback=window.utility2._stateInit\"></script>\\n\\","<script src=\"assets.npmtest_ng_annotate.rollup.js\"></script>\\n\\","<script src=\"assets.example.js\"></script>\\n\\","<script src=\"assets.test.js\"></script>\\n\\","<!-- utility2-comment\\n\\","{{/if isRollup}}\\n\\","utility2-comment -->\\n\\","<div class=\"utility2FooterDiv\">\\n\\","    [ this app was created with\\n\\","    <a href=\"https://github.com/kaizhu256/node-utility2\" target=\"_blank\">utility2</a>\\n\\","    ]\\n\\","</div>\\n\\","</body>\\n\\","</html>\\n\\","';","        /* jslint-ignore-end */","        if (local.templateRender) {","            local.assetsDict['/'] = local.templateRender(","                local.assetsDict['/assets.index.template.html'],","                {","                    env: local.objectSetDefault(local.env, {","                        npm_package_description: 'the greatest app in the world!',","                        npm_package_name: 'my-app',","                        npm_package_nameAlias: 'my_app',","                        npm_package_version: '0.0.1'","                    })","                }","            );","        } else {","            local.assetsDict['/'] = local.assetsDict['/assets.index.template.html']","                .replace((/\\{\\{env\\.(\\w+?)\\}\\}/g), function (match0, match1) {","                    // jslint-hack","                    String(match0);","                    switch (match1) {","                    case 'npm_package_description':","                        return 'the greatest app in the world!';","                    case 'npm_package_name':","                        return 'my-app';","                    case 'npm_package_nameAlias':","                        return 'my_app';","                    case 'npm_package_version':","                        return '0.0.1';","                    }","                });","        }","        // run the cli","        if (local.global.utility2_rollup || module !== require.main) {","            break;","        }","        local.assetsDict['/assets.example.js'] =","            local.assetsDict['/assets.example.js'] ||","            local.fs.readFileSync(__filename, 'utf8');","        // bug-workaround - long $npm_package_buildCustomOrg","        /* jslint-ignore-begin */","        local.assetsDict['/assets.npmtest_ng_annotate.rollup.js'] =","            local.assetsDict['/assets.npmtest_ng_annotate.rollup.js'] ||","            local.fs.readFileSync(","                local.npmtest_ng_annotate.__dirname + '/lib.npmtest_ng_annotate.js',","                'utf8'","            ).replace((/^#!/), '//');","        /* jslint-ignore-end */","        local.assetsDict['/favicon.ico'] = local.assetsDict['/favicon.ico'] || '';","        // if $npm_config_timeout_exit exists,","        // then exit this process after $npm_config_timeout_exit ms","        if (Number(process.env.npm_config_timeout_exit)) {","            setTimeout(process.exit, Number(process.env.npm_config_timeout_exit));","        }","        // start server","        if (local.global.utility2_serverHttp1) {","            break;","        }","        process.env.PORT = process.env.PORT || '8081';","        console.error('server starting on port ' + process.env.PORT);","        local.http.createServer(function (request, response) {","            request.urlParsed = local.url.parse(request.url);","            if (local.assetsDict[request.urlParsed.pathname] !== undefined) {","                response.end(local.assetsDict[request.urlParsed.pathname]);","                return;","            }","            response.statusCode = 404;","            response.end();","        }).listen(process.env.PORT);","        break;","    }","}());",""],"l":{"26":2,"28":2,"33":2,"35":2,"37":2,"38":2,"39":2,"44":1,"51":2,"55":2,"59":2,"61":2,"69":1,"70":2,"76":2,"79":2,"82":2,"83":2,"85":1,"89":2,"92":1,"93":1,"94":1,"96":1,"97":1,"100":1,"101":1,"103":1,"106":1,"108":2,"114":1,"116":1,"118":1,"123":1,"124":2,"125":2,"126":3,"127":3,"128":3,"129":3,"130":1,"133":3,"134":3,"139":3,"143":1,"144":3,"145":1,"149":1,"150":1,"158":1,"160":1,"161":1,"162":1,"164":1,"166":1,"258":1,"259":1,"271":1,"274":6,"275":6,"277":1,"279":2,"281":1,"283":2,"288":1,"289":1,"291":1,"296":1,"303":1,"306":1,"307":1,"310":1,"311":1,"313":1,"314":1,"315":1,"316":1,"317":1,"318":1,"319":1,"321":1,"322":1,"324":1}},"/home/travis/build/npmtest/node-npmtest-ng-annotate/node_modules/ng-annotate/build/es5/ng-annotate-main.js":{"path":"/home/travis/build/npmtest/node-npmtest-ng-annotate/node_modules/ng-annotate/build/es5/ng-annotate-main.js","s":{"1":1,"2":1,"3":1,"4":1,"5":1,"6":1,"7":1,"8":1,"9":1,"10":1,"11":1,"12":1,"13":1,"14":1,"15":1,"16":1,"17":1,"18":1,"19":1,"20":1,"21":0,"22":0,"23":0,"24":1,"25":0,"26":0,"27":0,"28":0,"29":0,"30":0,"31":0,"32":0,"33":0,"34":0,"35":1,"36":0,"37":1,"38":0,"39":0,"40":0,"41":1,"42":0,"43":0,"44":0,"45":1,"46":0,"47":0,"48":0,"49":0,"50":0,"51":0,"52":0,"53":0,"54":0,"55":0,"56":0,"57":0,"58":0,"59":0,"60":0,"61":0,"62":0,"63":0,"64":0,"65":1,"66":0,"67":0,"68":0,"69":0,"70":0,"71":0,"72":0,"73":0,"74":0,"75":0,"76":0,"77":0,"78":0,"79":0,"80":0,"81":0,"82":0,"83":0,"84":0,"85":0,"86":0,"87":1,"88":0,"89":0,"90":0,"91":0,"92":0,"93":0,"94":0,"95":0,"96":0,"97":1,"98":0,"99":0,"100":0,"101":0,"102":0,"103":0,"104":0,"105":0,"106":0,"107":0,"108":0,"109":0,"110":0,"111":0,"112":0,"113":0,"114":0,"115":1,"116":0,"117":0,"118":0,"119":0,"120":1,"121":0,"122":0,"123":0,"124":0,"125":1,"126":0,"127":0,"128":0,"129":0,"130":0,"131":0,"132":0,"133":0,"134":1,"135":0,"136":0,"137":0,"138":0,"139":0,"140":0,"141":0,"142":0,"143":0,"144":0,"145":1,"146":0,"147":0,"148":0,"149":0,"150":0,"151":0,"152":0,"153":0,"154":0,"155":0,"156":0,"157":0,"158":0,"159":0,"160":0,"161":0,"162":0,"163":0,"164":0,"165":0,"166":0,"167":0,"168":0,"169":0,"170":0,"171":0,"172":0,"173":0,"174":0,"175":1,"176":0,"177":1,"178":0,"179":1,"180":0,"181":1,"182":0,"183":0,"184":0,"185":0,"186":0,"187":1,"188":0,"189":0,"190":0,"191":0,"192":0,"193":1,"194":0,"195":0,"196":0,"197":1,"198":0,"199":0,"200":1,"201":0,"202":0,"203":0,"204":1,"205":0,"206":0,"207":0,"208":0,"209":0,"210":0,"211":0,"212":0,"213":0,"214":0,"215":0,"216":0,"217":0,"218":0,"219":0,"220":0,"221":0,"222":1,"223":0,"224":0,"225":0,"226":1,"227":0,"228":0,"229":0,"230":0,"231":0,"232":1,"233":0,"234":0,"235":0,"236":1,"237":0,"238":1,"239":0,"240":0,"241":0,"242":0,"243":0,"244":0,"245":0,"246":0,"247":0,"248":0,"249":0,"250":0,"251":0,"252":0,"253":0,"254":0,"255":0,"256":0,"257":0,"258":0,"259":0,"260":0,"261":0,"262":0,"263":0,"264":0,"265":0,"266":0,"267":0,"268":1,"269":0,"270":0,"271":0,"272":0,"273":0,"274":0,"275":0,"276":1,"277":0,"278":0,"279":1,"280":0,"281":0,"282":0,"283":0,"284":0,"285":0,"286":0,"287":0,"288":0,"289":0,"290":0,"291":0,"292":0,"293":0,"294":0,"295":0,"296":0,"297":0,"298":0,"299":1,"300":0,"301":0,"302":0,"303":1,"304":0,"305":0,"306":0,"307":0,"308":0,"309":1,"310":0,"311":0,"312":0,"313":0,"314":0,"315":0,"316":0,"317":0,"318":0,"319":0,"320":0,"321":0,"322":0,"323":0,"324":0,"325":0,"326":0,"327":1,"328":0,"329":0,"330":0,"331":0,"332":0,"333":0,"334":0,"335":0,"336":0,"337":1,"338":0,"339":0,"340":0,"341":0,"342":0,"343":0,"344":0,"345":0,"346":1,"347":0,"348":0,"349":0,"350":0,"351":0,"352":0,"353":0,"354":0,"355":0,"356":0,"357":0,"358":0,"359":0,"360":0,"361":0,"362":0,"363":0,"364":0,"365":0,"366":0,"367":0,"368":0,"369":0,"370":0,"371":0,"372":0,"373":1,"374":0,"375":0,"376":0,"377":0,"378":0,"379":1,"380":0,"381":0,"382":0,"383":0,"384":0,"385":0,"386":0,"387":0,"388":0,"389":0,"390":0,"391":0,"392":0,"393":0,"394":0,"395":0,"396":0,"397":0,"398":0,"399":0,"400":0,"401":0,"402":1,"403":0,"404":0,"405":0,"406":1,"407":0,"408":0,"409":0,"410":0,"411":0,"412":0,"413":0,"414":0,"415":0,"416":0,"417":0,"418":0,"419":0,"420":0,"421":0,"422":0,"423":0,"424":1,"425":0,"426":0,"427":0,"428":0,"429":0,"430":0,"431":0,"432":0,"433":0,"434":1,"435":0,"436":1,"437":0,"438":0,"439":1,"440":0,"441":0,"442":0,"443":0,"444":0,"445":0,"446":0,"447":0,"448":0,"449":0,"450":1,"451":0,"452":1,"453":0,"454":1,"455":0,"456":1,"457":0,"458":0,"459":0,"460":0,"461":0,"462":0,"463":0,"464":0,"465":1,"466":1,"467":0,"468":0,"469":0,"470":0,"471":0,"472":0,"473":0,"474":0,"475":0,"476":0,"477":0,"478":0,"479":0,"480":0,"481":0,"482":0,"483":0,"484":0,"485":0,"486":0,"487":0,"488":0,"489":0,"490":0,"491":0,"492":0,"493":0,"494":0,"495":0,"496":0,"497":0,"498":0,"499":0,"500":0,"501":0,"502":0,"503":0,"504":0,"505":0,"506":0,"507":0,"508":1,"509":0,"510":0,"511":0,"512":0,"513":0,"514":0,"515":0,"516":0,"517":0,"518":0,"519":0,"520":0,"521":0,"522":0,"523":0,"524":0,"525":0,"526":0,"527":0,"528":0,"529":0,"530":0,"531":0,"532":0,"533":0,"534":0,"535":0,"536":0,"537":0,"538":0,"539":0,"540":0},"b":{"1":[0,0,0],"2":[0,0,0,0,0,0,0,0,0],"3":[0,0,0,0,0],"4":[0,0],"5":[0,0,0,0,0,0,0],"6":[0,0,0,0],"7":[0,0],"8":[0,0],"9":[0,0,0,0,0,0,0,0,0],"10":[0,0],"11":[0,0,0],"12":[0,0],"13":[0,0],"14":[0,0],"15":[0,0],"16":[0,0],"17":[0,0,0],"18":[0,0],"19":[0,0],"20":[0,0],"21":[0,0,0],"22":[0,0],"23":[0,0],"24":[0,0],"25":[0,0],"26":[0,0],"27":[0,0],"28":[0,0],"29":[0,0],"30":[0,0],"31":[0,0],"32":[0,0],"33":[0,0],"34":[0,0],"35":[0,0],"36":[0,0],"37":[0,0,0,0,0],"38":[0,0,0,0,0,0,0],"39":[0,0,0,0,0],"40":[0,0],"41":[0,0,0,0,0],"42":[0,0],"43":[0,0],"44":[0,0],"45":[0,0],"46":[0,0],"47":[0,0],"48":[0,0],"49":[0,0,0,0],"50":[0,0],"51":[0,0],"52":[0,0],"53":[0,0],"54":[0,0,0,0],"55":[0,0],"56":[0,0,0],"57":[0,0],"58":[0,0],"59":[0,0],"60":[0,0,0],"61":[0,0,0,0,0],"62":[0,0],"63":[0,0,0,0],"64":[0,0],"65":[0,0],"66":[0,0],"67":[0,0],"68":[0,0],"69":[0,0],"70":[0,0],"71":[0,0],"72":[0,0],"73":[0,0],"74":[0,0],"75":[0,0],"76":[0,0,0],"77":[0,0],"78":[0,0],"79":[0,0],"80":[0,0],"81":[0,0],"82":[0,0],"83":[0,0],"84":[0,0],"85":[0,0],"86":[0,0],"87":[0,0],"88":[0,0],"89":[0,0],"90":[0,0],"91":[0,0],"92":[0,0],"93":[0,0],"94":[0,0],"95":[0,0],"96":[0,0],"97":[0,0],"98":[0,0],"99":[0,0],"100":[0,0],"101":[0,0],"102":[0,0],"103":[0,0],"104":[0,0],"105":[0,0],"106":[0,0],"107":[0,0],"108":[0,0],"109":[0,0],"110":[0,0],"111":[0,0],"112":[0,0],"113":[0,0],"114":[0,0],"115":[0,0],"116":[0,0],"117":[0,0],"118":[0,0],"119":[0,0],"120":[0,0],"121":[0,0,0],"122":[0,0],"123":[0,0],"124":[0,0],"125":[0,0],"126":[0,0,0],"127":[0,0],"128":[0,0],"129":[0,0],"130":[0,0],"131":[0,0],"132":[0,0],"133":[0,0],"134":[0,0,0,0,0,0],"135":[0,0],"136":[0,0],"137":[0,0],"138":[0,0],"139":[0,0],"140":[0,0,0,0,0,0,0,0,0,0,0,0],"141":[0,0],"142":[0,0],"143":[0,0],"144":[0,0],"145":[0,0],"146":[0,0],"147":[0,0],"148":[0,0],"149":[0,0],"150":[0,0],"151":[0,0],"152":[0,0],"153":[0,0],"154":[0,0],"155":[0,0],"156":[0,0],"157":[0,0],"158":[0,0],"159":[0,0],"160":[0,0],"161":[0,0],"162":[0,0],"163":[0,0],"164":[0,0],"165":[0,0],"166":[0,0],"167":[0,0],"168":[0,0],"169":[0,0],"170":[0,0],"171":[0,0],"172":[0,0],"173":[0,0],"174":[0,0],"175":[0,0],"176":[0,0],"177":[0,0],"178":[0,0],"179":[0,0],"180":[0,0],"181":[0,0],"182":[0,0]},"f":{"1":0,"2":0,"3":0,"4":0,"5":0,"6":0,"7":0,"8":0,"9":0,"10":0,"11":0,"12":0,"13":0,"14":0,"15":0,"16":0,"17":0,"18":0,"19":0,"20":0,"21":0,"22":0,"23":0,"24":0,"25":0,"26":0,"27":0,"28":0,"29":0,"30":0,"31":0,"32":0,"33":0,"34":0,"35":0,"36":0,"37":0,"38":0,"39":0,"40":0,"41":0,"42":0,"43":0,"44":0,"45":0,"46":0,"47":0,"48":0,"49":0,"50":0,"51":0,"52":0,"53":0,"54":0,"55":0,"56":0,"57":0,"58":0,"59":0,"60":0,"61":0,"62":0,"63":0,"64":0,"65":0,"66":0,"67":0,"68":0,"69":0},"fnMap":{"1":{"name":"match","line":27,"loc":{"start":{"line":27,"column":0},"end":{"line":27,"column":40}}},"2":{"name":"matchMaterialShowModalOpen","line":47,"loc":{"start":{"line":47,"column":0},"end":{"line":47,"column":42}}},"3":{"name":"matchDirectiveReturnObject","line":70,"loc":{"start":{"line":70,"column":0},"end":{"line":70,"column":42}}},"4":{"name":"limit","line":79,"loc":{"start":{"line":79,"column":0},"end":{"line":79,"column":27}}},"5":{"name":"matchProviderGet","line":86,"loc":{"start":{"line":86,"column":0},"end":{"line":86,"column":32}}},"6":{"name":"matchNgRoute","line":99,"loc":{"start":{"line":99,"column":0},"end":{"line":99,"column":28}}},"7":{"name":"matchNgUi","line":139,"loc":{"start":{"line":139,"column":0},"end":{"line":139,"column":25}}},"8":{"name":"recursiveMatch","line":201,"loc":{"start":{"line":201,"column":4},"end":{"line":201,"column":50}}},"9":{"name":"matchStateProps","line":219,"loc":{"start":{"line":219,"column":4},"end":{"line":219,"column":41}}},"10":{"name":"(anonymous_10)","line":235,"loc":{"start":{"line":235,"column":33},"end":{"line":235,"column":48}}},"11":{"name":"(anonymous_11)","line":247,"loc":{"start":{"line":247,"column":42},"end":{"line":247,"column":57}}},"12":{"name":"matchInjectorInvoke","line":259,"loc":{"start":{"line":259,"column":0},"end":{"line":259,"column":35}}},"13":{"name":"matchHttpProvider","line":272,"loc":{"start":{"line":272,"column":0},"end":{"line":272,"column":33}}},"14":{"name":"matchControllerProvider","line":287,"loc":{"start":{"line":287,"column":0},"end":{"line":287,"column":39}}},"15":{"name":"matchProvide","line":305,"loc":{"start":{"line":305,"column":0},"end":{"line":305,"column":33}}},"16":{"name":"matchRegular","line":332,"loc":{"start":{"line":332,"column":0},"end":{"line":332,"column":33}}},"17":{"name":"isReDef","line":395,"loc":{"start":{"line":395,"column":0},"end":{"line":395,"column":28}}},"18":{"name":"isLongDef","line":400,"loc":{"start":{"line":400,"column":0},"end":{"line":400,"column":25}}},"19":{"name":"last","line":406,"loc":{"start":{"line":406,"column":0},"end":{"line":406,"column":19}}},"20":{"name":"matchProp","line":410,"loc":{"start":{"line":410,"column":0},"end":{"line":410,"column":32}}},"21":{"name":"matchResolve","line":421,"loc":{"start":{"line":421,"column":0},"end":{"line":421,"column":29}}},"22":{"name":"(anonymous_22)","line":424,"loc":{"start":{"line":424,"column":44},"end":{"line":424,"column":59}}},"23":{"name":"renamedString","line":431,"loc":{"start":{"line":431,"column":0},"end":{"line":431,"column":44}}},"24":{"name":"stringify","line":438,"loc":{"start":{"line":438,"column":0},"end":{"line":438,"column":35}}},"25":{"name":"(anonymous_25)","line":439,"loc":{"start":{"line":439,"column":25},"end":{"line":439,"column":39}}},"26":{"name":"parseExpressionOfType","line":444,"loc":{"start":{"line":444,"column":0},"end":{"line":444,"column":42}}},"27":{"name":"replaceNodeWith","line":451,"loc":{"start":{"line":451,"column":0},"end":{"line":451,"column":40}}},"28":{"name":"(anonymous_28)","line":455,"loc":{"start":{"line":455,"column":17},"end":{"line":455,"column":31}}},"29":{"name":"(anonymous_29)","line":467,"loc":{"start":{"line":467,"column":17},"end":{"line":467,"column":31}}},"30":{"name":"insertArray","line":482,"loc":{"start":{"line":482,"column":0},"end":{"line":482,"column":63}}},"31":{"name":"replaceArray","line":505,"loc":{"start":{"line":505,"column":0},"end":{"line":505,"column":51}}},"32":{"name":"removeArray","line":524,"loc":{"start":{"line":524,"column":0},"end":{"line":524,"column":39}}},"33":{"name":"renameProviderDeclarationSite","line":547,"loc":{"start":{"line":547,"column":0},"end":{"line":547,"column":68}}},"34":{"name":"judgeSuspects","line":564,"loc":{"start":{"line":564,"column":0},"end":{"line":564,"column":28}}},"35":{"name":"(anonymous_35)","line":582,"loc":{"start":{"line":582,"column":48},"end":{"line":582,"column":65}}},"36":{"name":"(anonymous_36)","line":597,"loc":{"start":{"line":597,"column":26},"end":{"line":597,"column":43}}},"37":{"name":"propagateModuleContextAndMethodName","line":617,"loc":{"start":{"line":617,"column":4},"end":{"line":617,"column":59}}},"38":{"name":"(anonymous_38)","line":618,"loc":{"start":{"line":618,"column":25},"end":{"line":618,"column":42}}},"39":{"name":"findOuterMethodName","line":632,"loc":{"start":{"line":632,"column":4},"end":{"line":632,"column":39}}},"40":{"name":"setChainedAndMethodNameThroughIifesAndReferences","line":638,"loc":{"start":{"line":638,"column":4},"end":{"line":638,"column":72}}},"41":{"name":"(anonymous_41)","line":640,"loc":{"start":{"line":640,"column":25},"end":{"line":640,"column":42}}},"42":{"name":"isInsideModuleContext","line":668,"loc":{"start":{"line":668,"column":4},"end":{"line":668,"column":41}}},"43":{"name":"makeUnique","line":675,"loc":{"start":{"line":675,"column":4},"end":{"line":675,"column":39}}},"44":{"name":"(anonymous_44)","line":676,"loc":{"start":{"line":676,"column":31},"end":{"line":676,"column":48}}},"45":{"name":"followReference","line":686,"loc":{"start":{"line":686,"column":0},"end":{"line":686,"column":31}}},"46":{"name":"posToLine","line":723,"loc":{"start":{"line":723,"column":0},"end":{"line":723,"column":29}}},"47":{"name":"firstNonPrologueStatement","line":742,"loc":{"start":{"line":742,"column":0},"end":{"line":742,"column":41}}},"48":{"name":"judgeInjectArraySuspect","line":757,"loc":{"start":{"line":757,"column":0},"end":{"line":757,"column":44}}},"49":{"name":"getIndent","line":842,"loc":{"start":{"line":842,"column":4},"end":{"line":842,"column":28}}},"50":{"name":"addRemoveInjectArray","line":851,"loc":{"start":{"line":851,"column":4},"end":{"line":851,"column":77}}},"51":{"name":"(anonymous_51)","line":859,"loc":{"start":{"line":859,"column":35},"end":{"line":859,"column":56}}},"52":{"name":"hasInjectArray","line":891,"loc":{"start":{"line":891,"column":8},"end":{"line":891,"column":38}}},"53":{"name":"skipPrevNewline","line":901,"loc":{"start":{"line":901,"column":8},"end":{"line":901,"column":43}}},"54":{"name":"jumpOverIife","line":960,"loc":{"start":{"line":960,"column":0},"end":{"line":960,"column":28}}},"55":{"name":"addModuleContextDependentSuspect","line":977,"loc":{"start":{"line":977,"column":0},"end":{"line":977,"column":55}}},"56":{"name":"addModuleContextIndependentSuspect","line":981,"loc":{"start":{"line":981,"column":0},"end":{"line":981,"column":57}}},"57":{"name":"isAnnotatedArray","line":986,"loc":{"start":{"line":986,"column":0},"end":{"line":986,"column":32}}},"58":{"name":"isFunctionExpressionWithArgs","line":1007,"loc":{"start":{"line":1007,"column":0},"end":{"line":1007,"column":44}}},"59":{"name":"isFunctionDeclarationWithArgs","line":1010,"loc":{"start":{"line":1010,"column":0},"end":{"line":1010,"column":45}}},"60":{"name":"isGenericProviderName","line":1013,"loc":{"start":{"line":1013,"column":0},"end":{"line":1013,"column":37}}},"61":{"name":"uniqifyFragments","line":1017,"loc":{"start":{"line":1017,"column":0},"end":{"line":1017,"column":37}}},"62":{"name":"ngAnnotate","line":1037,"loc":{"start":{"line":1037,"column":17},"end":{"line":1037,"column":51}}},"63":{"name":"(anonymous_63)","line":1056,"loc":{"start":{"line":1056,"column":31},"end":{"line":1056,"column":47}}},"64":{"name":"(anonymous_64)","line":1129,"loc":{"start":{"line":1129,"column":21},"end":{"line":1129,"column":37}}},"65":{"name":"(anonymous_65)","line":1161,"loc":{"start":{"line":1161,"column":41},"end":{"line":1161,"column":60}}},"66":{"name":"matchPlugins","line":1167,"loc":{"start":{"line":1167,"column":4},"end":{"line":1167,"column":46}}},"67":{"name":"(anonymous_67)","line":1179,"loc":{"start":{"line":1179,"column":20},"end":{"line":1179,"column":37}}},"68":{"name":"(anonymous_68)","line":1183,"loc":{"start":{"line":1183,"column":24},"end":{"line":1183,"column":39}}},"69":{"name":"(anonymous_69)","line":1186,"loc":{"start":{"line":1186,"column":13},"end":{"line":1186,"column":28}}}},"statementMap":{"1":{"start":{"line":6,"column":0},"end":{"line":6,"column":32}},"2":{"start":{"line":7,"column":0},"end":{"line":7,"column":30}},"3":{"start":{"line":8,"column":0},"end":{"line":8,"column":29}},"4":{"start":{"line":9,"column":0},"end":{"line":9,"column":47}},"5":{"start":{"line":10,"column":0},"end":{"line":10,"column":28}},"6":{"start":{"line":11,"column":0},"end":{"line":11,"column":31}},"7":{"start":{"line":12,"column":0},"end":{"line":12,"column":37}},"8":{"start":{"line":13,"column":0},"end":{"line":13,"column":56}},"9":{"start":{"line":14,"column":0},"end":{"line":14,"column":27}},"10":{"start":{"line":15,"column":0},"end":{"line":15,"column":41}},"11":{"start":{"line":16,"column":0},"end":{"line":16,"column":37}},"12":{"start":{"line":17,"column":0},"end":{"line":17,"column":91}},"13":{"start":{"line":18,"column":0},"end":{"line":18,"column":34}},"14":{"start":{"line":19,"column":0},"end":{"line":19,"column":36}},"15":{"start":{"line":20,"column":0},"end":{"line":20,"column":34}},"16":{"start":{"line":22,"column":0},"end":{"line":22,"column":29}},"17":{"start":{"line":23,"column":0},"end":{"line":23,"column":33}},"18":{"start":{"line":24,"column":0},"end":{"line":24,"column":29}},"19":{"start":{"line":25,"column":0},"end":{"line":25,"column":23}},"20":{"start":{"line":27,"column":0},"end":{"line":45,"column":1}},"21":{"start":{"line":28,"column":4},"end":{"line":32,"column":10}},"22":{"start":{"line":38,"column":4},"end":{"line":39,"column":228}},"23":{"start":{"line":41,"column":4},"end":{"line":44,"column":31}},"24":{"start":{"line":47,"column":0},"end":{"line":68,"column":1}},"25":{"start":{"line":54,"column":4},"end":{"line":54,"column":29}},"26":{"start":{"line":55,"column":4},"end":{"line":55,"column":28}},"27":{"start":{"line":56,"column":4},"end":{"line":56,"column":33}},"28":{"start":{"line":57,"column":4},"end":{"line":57,"column":30}},"29":{"start":{"line":59,"column":4},"end":{"line":66,"column":5}},"30":{"start":{"line":62,"column":8},"end":{"line":62,"column":39}},"31":{"start":{"line":63,"column":8},"end":{"line":63,"column":51}},"32":{"start":{"line":64,"column":8},"end":{"line":64,"column":49}},"33":{"start":{"line":65,"column":8},"end":{"line":65,"column":35}},"34":{"start":{"line":67,"column":4},"end":{"line":67,"column":17}},"35":{"start":{"line":70,"column":0},"end":{"line":77,"column":1}},"36":{"start":{"line":74,"column":4},"end":{"line":76,"column":59}},"37":{"start":{"line":79,"column":0},"end":{"line":84,"column":1}},"38":{"start":{"line":80,"column":4},"end":{"line":82,"column":5}},"39":{"start":{"line":81,"column":8},"end":{"line":81,"column":39}},"40":{"start":{"line":83,"column":4},"end":{"line":83,"column":16}},"41":{"start":{"line":86,"column":0},"end":{"line":97,"column":1}},"42":{"start":{"line":90,"column":4},"end":{"line":90,"column":19}},"43":{"start":{"line":91,"column":4},"end":{"line":91,"column":13}},"44":{"start":{"line":92,"column":4},"end":{"line":96,"column":82}},"45":{"start":{"line":99,"column":0},"end":{"line":137,"column":1}},"46":{"start":{"line":107,"column":4},"end":{"line":107,"column":29}},"47":{"start":{"line":108,"column":4},"end":{"line":108,"column":28}},"48":{"start":{"line":109,"column":4},"end":{"line":111,"column":5}},"49":{"start":{"line":110,"column":8},"end":{"line":110,"column":21}},"50":{"start":{"line":112,"column":4},"end":{"line":112,"column":41}},"51":{"start":{"line":114,"column":4},"end":{"line":114,"column":33}},"52":{"start":{"line":115,"column":4},"end":{"line":117,"column":5}},"53":{"start":{"line":116,"column":8},"end":{"line":116,"column":21}},"54":{"start":{"line":119,"column":4},"end":{"line":119,"column":30}},"55":{"start":{"line":120,"column":4},"end":{"line":122,"column":5}},"56":{"start":{"line":121,"column":8},"end":{"line":121,"column":21}},"57":{"start":{"line":123,"column":4},"end":{"line":123,"column":30}},"58":{"start":{"line":124,"column":4},"end":{"line":126,"column":5}},"59":{"start":{"line":125,"column":8},"end":{"line":125,"column":21}},"60":{"start":{"line":128,"column":4},"end":{"line":128,"column":37}},"61":{"start":{"line":129,"column":4},"end":{"line":131,"column":6}},"62":{"start":{"line":133,"column":4},"end":{"line":133,"column":45}},"63":{"start":{"line":135,"column":4},"end":{"line":135,"column":42}},"64":{"start":{"line":136,"column":4},"end":{"line":136,"column":60}},"65":{"start":{"line":139,"column":0},"end":{"line":257,"column":1}},"66":{"start":{"line":160,"column":4},"end":{"line":160,"column":29}},"67":{"start":{"line":161,"column":4},"end":{"line":161,"column":28}},"68":{"start":{"line":162,"column":4},"end":{"line":162,"column":33}},"69":{"start":{"line":163,"column":4},"end":{"line":163,"column":30}},"70":{"start":{"line":166,"column":4},"end":{"line":173,"column":5}},"71":{"start":{"line":167,"column":8},"end":{"line":167,"column":49}},"72":{"start":{"line":169,"column":8},"end":{"line":171,"column":9}},"73":{"start":{"line":170,"column":12},"end":{"line":170,"column":30}},"74":{"start":{"line":172,"column":8},"end":{"line":172,"column":21}},"75":{"start":{"line":176,"column":4},"end":{"line":178,"column":5}},"76":{"start":{"line":177,"column":8},"end":{"line":177,"column":21}},"77":{"start":{"line":179,"column":4},"end":{"line":179,"column":41}},"78":{"start":{"line":181,"column":4},"end":{"line":183,"column":5}},"79":{"start":{"line":182,"column":8},"end":{"line":182,"column":21}},"80":{"start":{"line":187,"column":4},"end":{"line":189,"column":5}},"81":{"start":{"line":188,"column":8},"end":{"line":188,"column":21}},"82":{"start":{"line":191,"column":4},"end":{"line":191,"column":69}},"83":{"start":{"line":193,"column":4},"end":{"line":193,"column":17}},"84":{"start":{"line":195,"column":4},"end":{"line":195,"column":30}},"85":{"start":{"line":197,"column":4},"end":{"line":197,"column":42}},"86":{"start":{"line":198,"column":4},"end":{"line":198,"column":60}},"87":{"start":{"line":201,"column":4},"end":{"line":217,"column":5}},"88":{"start":{"line":202,"column":8},"end":{"line":204,"column":9}},"89":{"start":{"line":203,"column":12},"end":{"line":203,"column":25}},"90":{"start":{"line":206,"column":8},"end":{"line":206,"column":57}},"91":{"start":{"line":208,"column":8},"end":{"line":208,"column":41}},"92":{"start":{"line":210,"column":8},"end":{"line":210,"column":72}},"93":{"start":{"line":211,"column":8},"end":{"line":211,"column":83}},"94":{"start":{"line":213,"column":8},"end":{"line":215,"column":9}},"95":{"start":{"line":214,"column":12},"end":{"line":214,"column":19}},"96":{"start":{"line":216,"column":8},"end":{"line":216,"column":41}},"97":{"start":{"line":219,"column":4},"end":{"line":256,"column":5}},"98":{"start":{"line":220,"column":8},"end":{"line":226,"column":10}},"99":{"start":{"line":227,"column":8},"end":{"line":227,"column":36}},"100":{"start":{"line":230,"column":8},"end":{"line":230,"column":49}},"101":{"start":{"line":233,"column":8},"end":{"line":233,"column":43}},"102":{"start":{"line":234,"column":8},"end":{"line":242,"column":9}},"103":{"start":{"line":235,"column":12},"end":{"line":241,"column":15}},"104":{"start":{"line":236,"column":16},"end":{"line":240,"column":17}},"105":{"start":{"line":237,"column":20},"end":{"line":237,"column":72}},"106":{"start":{"line":239,"column":20},"end":{"line":239,"column":41}},"107":{"start":{"line":245,"column":8},"end":{"line":245,"column":51}},"108":{"start":{"line":246,"column":8},"end":{"line":255,"column":9}},"109":{"start":{"line":247,"column":12},"end":{"line":254,"column":15}},"110":{"start":{"line":248,"column":16},"end":{"line":253,"column":17}},"111":{"start":{"line":249,"column":20},"end":{"line":249,"column":77}},"112":{"start":{"line":250,"column":20},"end":{"line":250,"column":85}},"113":{"start":{"line":251,"column":20},"end":{"line":251,"column":83}},"114":{"start":{"line":252,"column":20},"end":{"line":252,"column":77}},"115":{"start":{"line":259,"column":0},"end":{"line":270,"column":1}},"116":{"start":{"line":263,"column":4},"end":{"line":263,"column":29}},"117":{"start":{"line":264,"column":4},"end":{"line":264,"column":28}},"118":{"start":{"line":265,"column":4},"end":{"line":265,"column":33}},"119":{"start":{"line":267,"column":4},"end":{"line":269,"column":53}},"120":{"start":{"line":272,"column":0},"end":{"line":285,"column":1}},"121":{"start":{"line":277,"column":4},"end":{"line":277,"column":29}},"122":{"start":{"line":278,"column":4},"end":{"line":278,"column":28}},"123":{"start":{"line":279,"column":4},"end":{"line":279,"column":33}},"124":{"start":{"line":281,"column":4},"end":{"line":284,"column":54}},"125":{"start":{"line":287,"column":0},"end":{"line":303,"column":1}},"126":{"start":{"line":291,"column":4},"end":{"line":291,"column":29}},"127":{"start":{"line":292,"column":4},"end":{"line":292,"column":28}},"128":{"start":{"line":293,"column":4},"end":{"line":293,"column":33}},"129":{"start":{"line":294,"column":4},"end":{"line":294,"column":30}},"130":{"start":{"line":296,"column":4},"end":{"line":297,"column":67}},"131":{"start":{"line":299,"column":4},"end":{"line":301,"column":5}},"132":{"start":{"line":300,"column":8},"end":{"line":300,"column":41}},"133":{"start":{"line":302,"column":4},"end":{"line":302,"column":18}},"134":{"start":{"line":305,"column":0},"end":{"line":330,"column":1}},"135":{"start":{"line":312,"column":4},"end":{"line":312,"column":29}},"136":{"start":{"line":313,"column":4},"end":{"line":313,"column":28}},"137":{"start":{"line":314,"column":4},"end":{"line":314,"column":33}},"138":{"start":{"line":315,"column":4},"end":{"line":315,"column":30}},"139":{"start":{"line":317,"column":4},"end":{"line":319,"column":37}},"140":{"start":{"line":321,"column":4},"end":{"line":328,"column":5}},"141":{"start":{"line":322,"column":8},"end":{"line":322,"column":41}},"142":{"start":{"line":324,"column":8},"end":{"line":327,"column":9}},"143":{"start":{"line":326,"column":12},"end":{"line":326,"column":24}},"144":{"start":{"line":329,"column":4},"end":{"line":329,"column":18}},"145":{"start":{"line":332,"column":0},"end":{"line":388,"column":1}},"146":{"start":{"line":334,"column":4},"end":{"line":334,"column":29}},"147":{"start":{"line":335,"column":4},"end":{"line":335,"column":28}},"148":{"start":{"line":336,"column":4},"end":{"line":336,"column":33}},"149":{"start":{"line":340,"column":4},"end":{"line":346,"column":5}},"150":{"start":{"line":341,"column":8},"end":{"line":341,"column":36}},"151":{"start":{"line":342,"column":8},"end":{"line":345,"column":9}},"152":{"start":{"line":343,"column":12},"end":{"line":343,"column":43}},"153":{"start":{"line":344,"column":12},"end":{"line":344,"column":32}},"154":{"start":{"line":350,"column":4},"end":{"line":352,"column":5}},"155":{"start":{"line":351,"column":8},"end":{"line":351,"column":21}},"156":{"start":{"line":354,"column":4},"end":{"line":355,"column":213}},"157":{"start":{"line":356,"column":4},"end":{"line":358,"column":5}},"158":{"start":{"line":357,"column":8},"end":{"line":357,"column":21}},"159":{"start":{"line":359,"column":4},"end":{"line":359,"column":35}},"160":{"start":{"line":361,"column":4},"end":{"line":363,"column":5}},"161":{"start":{"line":362,"column":8},"end":{"line":362,"column":21}},"162":{"start":{"line":365,"column":4},"end":{"line":365,"column":30}},"163":{"start":{"line":366,"column":4},"end":{"line":368,"column":96}},"164":{"start":{"line":370,"column":4},"end":{"line":376,"column":5}},"165":{"start":{"line":371,"column":8},"end":{"line":371,"column":122}},"166":{"start":{"line":372,"column":8},"end":{"line":374,"column":9}},"167":{"start":{"line":373,"column":12},"end":{"line":373,"column":25}},"168":{"start":{"line":375,"column":8},"end":{"line":375,"column":32}},"169":{"start":{"line":378,"column":4},"end":{"line":380,"column":5}},"170":{"start":{"line":379,"column":8},"end":{"line":379,"column":41}},"171":{"start":{"line":382,"column":4},"end":{"line":386,"column":5}},"172":{"start":{"line":384,"column":8},"end":{"line":384,"column":43}},"173":{"start":{"line":385,"column":8},"end":{"line":385,"column":46}},"174":{"start":{"line":387,"column":4},"end":{"line":387,"column":18}},"175":{"start":{"line":395,"column":0},"end":{"line":397,"column":1}},"176":{"start":{"line":396,"column":4},"end":{"line":396,"column":52}},"177":{"start":{"line":400,"column":0},"end":{"line":404,"column":1}},"178":{"start":{"line":401,"column":4},"end":{"line":403,"column":71}},"179":{"start":{"line":406,"column":0},"end":{"line":408,"column":1}},"180":{"start":{"line":407,"column":4},"end":{"line":407,"column":31}},"181":{"start":{"line":410,"column":0},"end":{"line":419,"column":1}},"182":{"start":{"line":411,"column":4},"end":{"line":417,"column":5}},"183":{"start":{"line":412,"column":8},"end":{"line":412,"column":28}},"184":{"start":{"line":413,"column":8},"end":{"line":416,"column":9}},"185":{"start":{"line":415,"column":12},"end":{"line":415,"column":30}},"186":{"start":{"line":418,"column":4},"end":{"line":418,"column":16}},"187":{"start":{"line":421,"column":0},"end":{"line":429,"column":1}},"188":{"start":{"line":422,"column":4},"end":{"line":422,"column":52}},"189":{"start":{"line":423,"column":4},"end":{"line":427,"column":5}},"190":{"start":{"line":424,"column":8},"end":{"line":426,"column":11}},"191":{"start":{"line":425,"column":12},"end":{"line":425,"column":30}},"192":{"start":{"line":428,"column":4},"end":{"line":428,"column":14}},"193":{"start":{"line":431,"column":0},"end":{"line":436,"column":1}},"194":{"start":{"line":432,"column":4},"end":{"line":434,"column":5}},"195":{"start":{"line":433,"column":8},"end":{"line":433,"column":64}},"196":{"start":{"line":435,"column":4},"end":{"line":435,"column":26}},"197":{"start":{"line":438,"column":0},"end":{"line":442,"column":1}},"198":{"start":{"line":439,"column":4},"end":{"line":441,"column":24}},"199":{"start":{"line":440,"column":8},"end":{"line":440,"column":58}},"200":{"start":{"line":444,"column":0},"end":{"line":448,"column":1}},"201":{"start":{"line":445,"column":4},"end":{"line":445,"column":46}},"202":{"start":{"line":446,"column":4},"end":{"line":446,"column":31}},"203":{"start":{"line":447,"column":4},"end":{"line":447,"column":16}},"204":{"start":{"line":451,"column":0},"end":{"line":480,"column":1}},"205":{"start":{"line":452,"column":4},"end":{"line":452,"column":21}},"206":{"start":{"line":453,"column":4},"end":{"line":453,"column":30}},"207":{"start":{"line":454,"column":4},"end":{"line":454,"column":35}},"208":{"start":{"line":455,"column":4},"end":{"line":460,"column":7}},"209":{"start":{"line":456,"column":8},"end":{"line":459,"column":9}},"210":{"start":{"line":457,"column":12},"end":{"line":457,"column":34}},"211":{"start":{"line":458,"column":12},"end":{"line":458,"column":24}},"212":{"start":{"line":462,"
[...]
{"start":{"line":108,"column":30},"end":{"line":108,"column":34}}]},"9":{"line":114,"type":"cond-expr","locations":[{"start":{"line":114,"column":18},"end":{"line":114,"column":27}},{"start":{"line":114,"column":30},"end":{"line":114,"column":34}}]},"10":{"line":120,"type":"cond-expr","locations":[{"start":{"line":120,"column":18},"end":{"line":120,"column":27}},{"start":{"line":120,"column":30},"end":{"line":120,"column":34}}]},"11":{"line":149,"type":"if","locations":[{"start":{"line":149,"column":8},"end":{"line":149,"column":8}},{"start":{"line":149,"column":8},"end":{"line":149,"column":8}}]},"12":{"line":151,"type":"if","locations":[{"start":{"line":151,"column":15},"end":{"line":151,"column":15}},{"start":{"line":151,"column":15},"end":{"line":151,"column":15}}]}},"code":["// scope.js","// MIT licensed, see LICENSE file","// Copyright (c) 2013-2016 Olov Lassus <olov.lassus@gmail.com>","","\"use strict\";","","const assert = require(\"assert\");","const stringmap = require(\"stringmap\");","const stringset = require(\"stringset\");","const is = require(\"simple-is\");","const fmt = require(\"simple-fmt\");","","function Scope(args) {","    assert(is.someof(args.kind, [\"hoist\", \"block\", \"catch-block\"]));","    assert(is.object(args.node));","    assert(args.parent === null || is.object(args.parent));","","    // kind === \"hoist\": function scopes, program scope, injected globals","    // kind === \"block\": ES6 block scopes","    // kind === \"catch-block\": catch block scopes","    this.kind = args.kind;","","    // the AST node the block corresponds to","    this.node = args.node;","","    // parent scope","    this.parent = args.parent;","","    // children scopes for easier traversal (populated internally)","    this.children = [];","","    // scope declarations. decls[variable_name] = {","    //     kind: \"fun\" for functions,","    //           \"param\" for function parameters,","    //           \"caught\" for catch parameter","    //           \"var\",","    //           \"const\",","    //           \"let\"","    //     node: the AST node the declaration corresponds to","    //     from: source code index from which it is visible at earliest","    //           (only stored for \"const\", \"let\" [and \"var\"] nodes)","    // }","    this.decls = stringmap();","","    // names of all variables declared outside this hoist scope but","    // referenced in this scope (immediately or in child).","    // only stored on hoist scopes for efficiency","    // (because we currently generate lots of empty block scopes)","    this.propagates = (this.kind === \"hoist\" ? stringset() : null);","","    // scopes register themselves with their parents for easier traversal","    if (this.parent) {","        this.parent.children.push(this);","    }","}","","Scope.prototype.print = function(indent) {","    indent = indent || 0;","    const scope = this;","    const names = this.decls.keys().map(function(name) {","        return fmt(\"{0} [{1}]\", name, scope.decls.get(name).kind);","    }).join(\", \");","    const propagates = this.propagates ? this.propagates.items().join(\", \") : \"\";","    console.log(fmt(\"{0}{1}: {2}. propagates: {3}\", fmt.repeat(\" \", indent), this.node.type, names, propagates));","    this.children.forEach(function(c) {","        c.print(indent + 2);","    });","};","","Scope.prototype.add = function(name, kind, node, referableFromPos) {","    assert(is.someof(kind, [\"fun\", \"param\", \"var\", \"caught\", \"const\", \"let\"]));","","    function isConstLet(kind) {","        return is.someof(kind, [\"const\", \"let\"]);","    }","","    let scope = this;","","    // search nearest hoist-scope for fun, param and var's","    // const, let and caught variables go directly in the scope (which may be hoist, block or catch-block)","    if (is.someof(kind, [\"fun\", \"param\", \"var\"])) {","        while (scope.kind !== \"hoist\") {","//            if (scope.decls.has(name) && isConstLet(scope.decls.get(name).kind)) { // could be caught","//                return error(getline(node), \"{0} is already declared\", name);","//            }","            scope = scope.parent;","        }","    }","    // name exists in scope and either new or existing kind is const|let => error","//    if (scope.decls.has(name) && (isConstLet(scope.decls.get(name).kind) || isConstLet(kind))) {","//        return error(getline(node), \"{0} is already declared\", name);","//    }","","    const declaration = {","        kind: kind,","        node: node,","    };","    if (referableFromPos) {","        assert(is.someof(kind, [\"var\", \"const\", \"let\"]));","        declaration.from = referableFromPos;","    }","    scope.decls.set(name, declaration);","};","","Scope.prototype.getKind = function(name) {","    assert(is.string(name));","    const decl = this.decls.get(name);","    return decl ? decl.kind : null;","};","","Scope.prototype.getNode = function(name) {","    assert(is.string(name));","    const decl = this.decls.get(name);","    return decl ? decl.node : null;","};","","Scope.prototype.getFromPos = function(name) {","    assert(is.string(name));","    const decl = this.decls.get(name);","    return decl ? decl.from : null;","};","","Scope.prototype.hasOwn = function(name) {","    return this.decls.has(name);","};","","Scope.prototype.remove = function(name) {","    return this.decls.remove(name);","};","","Scope.prototype.doesPropagate = function(name) {","    return this.propagates.has(name);","};","","Scope.prototype.markPropagates = function(name) {","    this.propagates.add(name);","};","","Scope.prototype.closestHoistScope = function() {","    let scope = this;","    while (scope.kind !== \"hoist\") {","        scope = scope.parent;","    }","    return scope;","};","","Scope.prototype.lookup = function(name) {","    for (let scope = this; scope; scope = scope.parent) {","        if (scope.decls.has(name)) {","            return scope;","        } else if (scope.kind === \"hoist\") {","            scope.propagates.add(name);","        }","    }","    return null;","};","","module.exports = Scope;",""],"l":{"7":1,"8":1,"9":1,"10":1,"11":1,"13":1,"14":0,"15":0,"16":0,"21":0,"24":0,"27":0,"30":0,"43":0,"49":0,"52":0,"53":0,"57":1,"58":0,"59":0,"60":0,"61":0,"63":0,"64":0,"65":0,"66":0,"70":1,"71":0,"73":1,"74":0,"77":0,"81":0,"82":0,"86":0,"94":0,"98":0,"99":0,"100":0,"102":0,"105":1,"106":0,"107":0,"108":0,"111":1,"112":0,"113":0,"114":0,"117":1,"118":0,"119":0,"120":0,"123":1,"124":0,"127":1,"128":0,"131":1,"132":0,"135":1,"136":0,"139":1,"140":0,"141":0,"142":0,"144":0,"147":1,"148":0,"149":0,"150":0,"151":0,"152":0,"155":0,"158":1}},"/home/travis/build/npmtest/node-npmtest-ng-annotate/node_modules/ng-annotate/optionals/angular-dashboard-framework.js":{"path":"/home/travis/build/npmtest/node-npmtest-ng-annotate/node_modules/ng-annotate/optionals/angular-dashboard-framework.js","s":{"1":1,"2":1,"3":0,"4":0,"5":0,"6":0,"7":0,"8":0,"9":0,"10":0,"11":0,"12":0,"13":0,"14":0,"15":0,"16":0,"17":0,"18":0,"19":0,"20":0,"21":0,"22":0,"23":0,"24":0,"25":0,"26":0,"27":0,"28":0,"29":0,"30":0,"31":0,"32":0},"b":{"1":[0,0],"2":[0,0],"3":[0,0],"4":[0,0,0],"5":[0,0],"6":[0,0],"7":[0,0],"8":[0,0],"9":[0,0],"10":[0,0]},"f":{"1":0,"2":0},"fnMap":{"1":{"name":"(anonymous_1)","line":5,"loc":{"start":{"line":5,"column":10},"end":{"line":5,"column":25}}},"2":{"name":"(anonymous_2)","line":9,"loc":{"start":{"line":9,"column":11},"end":{"line":9,"column":26}}}},"statementMap":{"1":{"start":{"line":3,"column":0},"end":{"line":3,"column":15}},"2":{"start":{"line":4,"column":0},"end":{"line":67,"column":2}},"3":{"start":{"line":6,"column":8},"end":{"line":6,"column":19}},"4":{"start":{"line":16,"column":8},"end":{"line":16,"column":35}},"5":{"start":{"line":17,"column":8},"end":{"line":19,"column":9}},"6":{"start":{"line":18,"column":12},"end":{"line":18,"column":25}},"7":{"start":{"line":21,"column":8},"end":{"line":21,"column":34}},"8":{"start":{"line":22,"column":8},"end":{"line":24,"column":9}},"9":{"start":{"line":23,"column":12},"end":{"line":23,"column":25}},"10":{"start":{"line":27,"column":8},"end":{"line":29,"column":9}},"11":{"start":{"line":28,"column":12},"end":{"line":28,"column":25}},"12":{"start":{"line":31,"column":8},"end":{"line":31,"column":26}},"13":{"start":{"line":33,"column":8},"end":{"line":33,"column":39}},"14":{"start":{"line":34,"column":8},"end":{"line":36,"column":9}},"15":{"start":{"line":35,"column":12},"end":{"line":35,"column":25}},"16":{"start":{"line":38,"column":8},"end":{"line":38,"column":36}},"17":{"start":{"line":39,"column":8},"end":{"line":41,"column":9}},"18":{"start":{"line":40,"column":12},"end":{"line":40,"column":25}},"19":{"start":{"line":43,"column":8},"end":{"line":43,"column":41}},"20":{"start":{"line":44,"column":8},"end":{"line":46,"column":9}},"21":{"start":{"line":45,"column":12},"end":{"line":45,"column":25}},"22":{"start":{"line":48,"column":8},"end":{"line":48,"column":43}},"23":{"start":{"line":49,"column":8},"end":{"line":51,"column":10}},"24":{"start":{"line":53,"column":8},"end":{"line":53,"column":53}},"25":{"start":{"line":56,"column":8},"end":{"line":56,"column":50}},"26":{"start":{"line":57,"column":8},"end":{"line":62,"column":9}},"27":{"start":{"line":58,"column":12},"end":{"line":58,"column":46}},"28":{"start":{"line":59,"column":12},"end":{"line":59,"column":61}},"29":{"start":{"line":60,"column":12},"end":{"line":60,"column":56}},"30":{"start":{"line":61,"column":12},"end":{"line":61,"column":61}},"31":{"start":{"line":64,"column":8},"end":{"line":64,"column":48}},"32":{"start":{"line":65,"column":8},"end":{"line":65,"column":64}}},"branchMap":{"1":{"line":17,"type":"if","locations":[{"start":{"line":17,"column":8},"end":{"line":17,"column":8}},{"start":{"line":17,"column":8},"end":{"line":17,"column":8}}]},"2":{"line":22,"type":"if","locations":[{"start":{"line":22,"column":8},"end":{"line":22,"column":8}},{"start":{"line":22,"column":8},"end":{"line":22,"column":8}}]},"3":{"line":27,"type":"if","locations":[{"start":{"line":27,"column":8},"end":{"line":27,"column":8}},{"start":{"line":27,"column":8},"end":{"line":27,"column":8}}]},"4":{"line":27,"type":"binary-expr","locations":[{"start":{"line":27,"column":14},"end":{"line":27,"column":32}},{"start":{"line":27,"column":37},"end":{"line":27,"column":62}},{"start":{"line":27,"column":66},"end":{"line":27,"column":98}}]},"5":{"line":34,"type":"if","locations":[{"start":{"line":34,"column":8},"end":{"line":34,"column":8}},{"start":{"line":34,"column":8},"end":{"line":34,"column":8}}]},"6":{"line":39,"type":"if","locations":[{"start":{"line":39,"column":8},"end":{"line":39,"column":8}},{"start":{"line":39,"column":8},"end":{"line":39,"column":8}}]},"7":{"line":44,"type":"if","locations":[{"start":{"line":44,"column":8},"end":{"line":44,"column":8}},{"start":{"line":44,"column":8},"end":{"line":44,"column":8}}]},"8":{"line":57,"type":"if","locations":[{"start":{"line":57,"column":8},"end":{"line":57,"column":8}},{"start":{"line":57,"column":8},"end":{"line":57,"column":8}}]},"9":{"line":57,"type":"binary-expr","locations":[{"start":{"line":57,"column":12},"end":{"line":57,"column":16}},{"start":{"line":57,"column":20},"end":{"line":57,"column":52}}]},"10":{"line":65,"type":"cond-expr","locations":[{"start":{"line":65,"column":43},"end":{"line":65,"column":48}},{"start":{"line":65,"column":51},"end":{"line":65,"column":62}}]}},"code":["\"use strict\";","","let ctx = null;","module.exports = {","    init: function(_ctx) {","        ctx = _ctx;","    },","","    match: function(node) {","        // dashboardProvider.widget(\"name\", {","        //   ...","        //   controller: function($scope) {},","        //   resolve: {f: function($scope) {}, ..}","        // })","","        const callee = node.callee;","        if (!callee) {","            return false;","        }","","        const obj = callee.object;","        if (!obj) {","            return false;","        }","","        // identifier or expression","        if (!(obj.$chained === 1 || (obj.type === \"Identifier\" && obj.name === \"dashboardProvider\"))) {","            return false;","        }","","        node.$chained = 1;","","        const method = callee.property; // identifier","        if (method.name !== \"widget\") {","            return false;","        }","","        const args = node.arguments;","        if (args.length !== 2) {","            return false;","        }","","        const configArg = ctx.last(args);","        if (configArg.type !== \"ObjectExpression\") {","            return false;","        }","","        const props = configArg.properties;","        const res = [","            ctx.matchProp(\"controller\", props)","        ];","        // {resolve: ..}","        res.push.apply(res, ctx.matchResolve(props));","","        // edit: {controller: function(), resolve: {}, apply: function()}","        const edit = ctx.matchProp('edit', props);","        if (edit && edit.type === \"ObjectExpression\") {","            const editProps = edit.properties;","            res.push(ctx.matchProp('controller', editProps));","            res.push(ctx.matchProp('apply', editProps));","            res.push.apply(res, ctx.matchResolve(editProps));","        }","","        const filteredRes = res.filter(Boolean);","        return (filteredRes.length === 0 ? false : filteredRes);","    }","};",""],"l":{"3":1,"4":1,"6":0,"16":0,"17":0,"18":0,"21":0,"22":0,"23":0,"27":0,"28":0,"31":0,"33":0,"34":0,"35":0,"38":0,"39":0,"40":0,"43":0,"44":0,"45":0,"48":0,"49":0,"53":0,"56":0,"57":0,"58":0,"59":0,"60":0,"61":0,"64":0,"65":0}},"/home/travis/build/npmtest/node-npmtest-ng-annotate/node_modules/ng-annotate/pos-to-linecolumn.js":{"path":"/home/travis/build/npmtest/node-npmtest-ng-annotate/node_modules/ng-annotate/pos-to-linecolumn.js","s":{"1":1,"2":1,"3":1,"4":0,"5":0,"6":0,"7":0,"8":0,"9":0,"10":0,"11":0,"12":0,"13":0,"14":0,"15":0,"16":0,"17":0,"18":0,"19":0,"20":0,"21":0,"22":0,"23":0,"24":0,"25":0,"26":0,"27":0,"28":0,"29":0,"30":1,"31":0,"32":0,"33":1,"34":0,"35":0,"36":1,"37":0},"b":{"1":[0,0],"2":[0,0],"3":[0,0],"4":[0,0]},"f":{"1":0,"2":0,"3":0,"4":0},"fnMap":{"1":{"name":"PosToLineColumn","line":11,"loc":{"start":{"line":11,"column":0},"end":{"line":11,"column":30}}},"2":{"name":"(anonymous_2)","line":51,"loc":{"start":{"line":51,"column":35},"end":{"line":51,"column":49}}},"3":{"name":"(anonymous_3)","line":56,"loc":{"start":{"line":56,"column":37},"end":{"line":56,"column":51}}},"4":{"name":"(anonymous_4)","line":61,"loc":{"start":{"line":61,"column":41},"end":{"line":61,"column":55}}}},"statementMap":{"1":{"start":{"line":7,"column":0},"end":{"line":7,"column":33}},"2":{"start":{"line":9,"column":0},"end":{"line":9,"column":33}},"3":{"start":{"line":11,"column":0},"end":{"line":49,"column":1}},"4":{"start":{"line":12,"column":4},"end":{"line":14,"column":5}},"5":{"start":{"line":13,"column":8},"end":{"line":13,"column":56}},"6":{"start":{"line":15,"column":4},"end":{"line":15,"column":22}},"7":{"start":{"line":17,"column":4},"end":{"line":17,"column":24}},"8":{"start":{"line":18,"column":4},"end":{"line":18,"column":17}},"9":{"start":{"line":19,"column":4},"end":{"line":21,"column":5}},"10":{"start":{"line":20,"column":8},"end":{"line":20,"column":27}},"11":{"start":{"line":23,"column":4},"end":{"line":23,"column":17}},"12":{"start":{"line":24,"column":4},"end":{"line":24,"column":19}},"13":{"start":{"line":25,"column":4},"end":{"line":25,"column":23}},"14":{"start":{"line":26,"column":4},"end":{"line":26,"column":21}},"15":{"start":{"line":27,"column":4},"end":{"line":27,"column":10}},"16":{"start":{"line":28,"column":4},"end":{"line":28,"column":14}},"17":{"start":{"line":29,"column":4},"end":{"line":40,"column":5}},"18":{"start":{"line":30,"column":8},"end":{"line":30,"column":28}},"19":{"start":{"line":31,"column":8},"end":{"line":31,"column":24}},"20":{"start":{"line":33,"column":8},"end":{"line":39,"column":9}},"21":{"start":{"line":34,"column":12},"end":{"line":34,"column":16}},"22":{"start":{"line":35,"column":12},"end":{"line":35,"column":19}},"23":{"start":{"line":36,"column":12},"end":{"line":36,"column":23}},"24":{"start":{"line":38,"column":12},"end":{"line":38,"column":21}},"25":{"start":{"line":43,"column":4},"end":{"line":43,"column":24}},"26":{"start":{"line":44,"column":4},"end":{"line":44,"column":20}},"27":{"start":{"line":46,"column":4},"end":{"line":46,"column":26}},"28":{"start":{"line":47,"column":4},"end":{"line":47,"column":27}},"29":{"start":{"line":48,"column":4},"end":{"line":48,"column":23}},"30":{"start":{"line":51,"column":0},"end":{"line":54,"column":2}},"31":{"start":{"line":52,"column":4},"end":{"line":52,"column":40}},"32":{"start":{"line":53,"column":4},"end":{"line":53,"column":27}},"33":{"start":{"line":56,"column":0},"end":{"line":59,"column":2}},"34":{"start":{"line":57,"column":4},"end":{"line":57,"column":40}},"35":{"start":{"line":58,"column":4},"end":{"line":58,"column":29}},"36":{"start":{"line":61,"column":0},"end":{"line":66,"column":2}},"37":{"start":{"line":62,"column":4},"end":{"line":65,"column":6}}},"branchMap":{"1":{"line":12,"type":"if","locations":[{"start":{"line":12,"column":4},"end":{"line":12,"column":4}},{"start":{"line":12,"column":4},"end":{"line":12,"column":4}}]},"2":{"line":33,"type":"if","locations":[{"start":{"line":33,"column":8},"end":{"line":33,"column":8}},{"start":{"line":33,"column":8},"end":{"line":33,"column":8}}]},"3":{"line":52,"type":"binary-expr","locations":[{"start":{"line":52,"column":11},"end":{"line":52,"column":19}},{"start":{"line":52,"column":23},"end":{"line":52,"column":38}}]},"4":{"line":57,"type":"binary-expr","locations":[{"start":{"line":57,"column":11},"end":{"line":57,"column":19}},{"start":{"line":57,"column":23},"end":{"line":57,"column":38}}]}},"code":["// pos-to-linecolumn.js","// MIT licensed, see LICENSE file","// Copyright (c) 2014-2016 Olov Lassus <olov.lassus@gmail.com>","","\"use strict\";","","const assert = require(\"assert\");","","module.exports = PosToLineColumn;","","function PosToLineColumn(str) {","    if (!(this instanceof PosToLineColumn)) {","        throw new Error(\"PosToLineColumn requires new\");","    }","    str = String(str);","","    const newlines = [];","    let pos = -1;","    while ((pos = str.indexOf(\"\\n\", pos + 1)) >= 0) {","        newlines.push(pos);","    }","","    let line = 1;","    let column = 0;","    const columns = [];","    const lines = [];","    let i;","    let j = 0;","    for (i = 0; i < str.length; i++) {","        columns[i] = column;","        lines[i] = line;","","        if (i === newlines[j]) {","            ++j;","            ++line;","            column = 0;","        } else {","            ++column;","        }","    }","","    // add extra entry to support pos === str.length","    columns[i] = column;","    lines[i] = line;","","    this.len = str.length;","    this.columns = columns;","    this.lines = lines;","}","","PosToLineColumn.prototype.toLine = function(pos) {","    assert(pos >= 0 && pos <= this.len);","    return this.lines[pos];","};","","PosToLineColumn.prototype.toColumn = function(pos) {","    assert(pos >= 0 && pos <= this.len);","    return this.columns[pos];","};","","PosToLineColumn.prototype.toLineColumn = function(pos) {","    return {","        line: this.toLine(pos),","        column: this.toColumn(pos),","    };","};","","","/*","const tst = \"asdf\\n\" +","    \"abc\\n\" +","    \"d\\n\" +","    \"\\n\\n\" +","    \"efghi a\\r\\n\" +","    \"x\";","const instance = new PosToLineColumn(tst);","console.dir(instance.toLineColumn(0));","console.dir(instance.toLineColumn(tst.length));","*/",""],"l":{"7":1,"9":1,"11":1,"12":0,"13":0,"15":0,"17":0,"18":0,"19":0,"20":0,"23":0,"24":0,"25":0,"26":0,"27":0,"28":0,"29":0,"30":0,"31":0,"33":0,"34":0,"35":0,"36":0,"38":0,"43":0,"44":0,"46":0,"47":0,"48":0,"51":1,"52":0,"53":0,"56":1,"57":0,"58":0,"61":1,"62":0}}}